Started GET "/" for ::1 at 2019-03-27 14:14:09 +0200
  
ActiveRecord::ConnectionNotEstablished (No connection pool with 'primary' found.):
  
activerecord (5.2.2.1) lib/active_record/connection_adapters/abstract/connection_pool.rb:1009:in `retrieve_connection'
activerecord (5.2.2.1) lib/active_record/connection_handling.rb:118:in `retrieve_connection'
activerecord (5.2.2.1) lib/active_record/connection_handling.rb:90:in `connection'
activerecord (5.2.2.1) lib/active_record/migration.rb:554:in `call'
actionpack (5.2.2.1) lib/action_dispatch/middleware/callbacks.rb:28:in `block in call'
activesupport (5.2.2.1) lib/active_support/callbacks.rb:98:in `run_callbacks'
actionpack (5.2.2.1) lib/action_dispatch/middleware/callbacks.rb:26:in `call'
actionpack (5.2.2.1) lib/action_dispatch/middleware/executor.rb:14:in `call'
actionpack (5.2.2.1) lib/action_dispatch/middleware/debug_exceptions.rb:61:in `call'
web-console (3.7.0) lib/web_console/middleware.rb:135:in `call_app'
web-console (3.7.0) lib/web_console/middleware.rb:30:in `block in call'
web-console (3.7.0) lib/web_console/middleware.rb:20:in `catch'
web-console (3.7.0) lib/web_console/middleware.rb:20:in `call'
actionpack (5.2.2.1) lib/action_dispatch/middleware/show_exceptions.rb:33:in `call'
railties (5.2.2.1) lib/rails/rack/logger.rb:38:in `call_app'
railties (5.2.2.1) lib/rails/rack/logger.rb:26:in `block in call'
activesupport (5.2.2.1) lib/active_support/tagged_logging.rb:71:in `block in tagged'
activesupport (5.2.2.1) lib/active_support/tagged_logging.rb:28:in `tagged'
activesupport (5.2.2.1) lib/active_support/tagged_logging.rb:71:in `tagged'
railties (5.2.2.1) lib/rails/rack/logger.rb:26:in `call'
sprockets-rails (3.2.1) lib/sprockets/rails/quiet_assets.rb:13:in `call'
actionpack (5.2.2.1) lib/action_dispatch/middleware/remote_ip.rb:81:in `call'
actionpack (5.2.2.1) lib/action_dispatch/middleware/request_id.rb:27:in `call'
rack (2.0.6) lib/rack/method_override.rb:22:in `call'
rack (2.0.6) lib/rack/runtime.rb:22:in `call'
activesupport (5.2.2.1) lib/active_support/cache/strategy/local_cache_middleware.rb:29:in `call'
actionpack (5.2.2.1) lib/action_dispatch/middleware/executor.rb:14:in `call'
actionpack (5.2.2.1) lib/action_dispatch/middleware/static.rb:127:in `call'
rack (2.0.6) lib/rack/sendfile.rb:111:in `call'
railties (5.2.2.1) lib/rails/engine.rb:524:in `call'
puma (3.12.1) lib/puma/configuration.rb:227:in `call'
puma (3.12.1) lib/puma/server.rb:660:in `handle_request'
puma (3.12.1) lib/puma/server.rb:474:in `process_client'
puma (3.12.1) lib/puma/server.rb:334:in `block in run'
puma (3.12.1) lib/puma/thread_pool.rb:135:in `block in spawn_thread'
Started GET "/" for ::1 at 2019-03-27 14:18:37 +0200
Processing by Rails::WelcomeController#index as HTML
  Rendering /usr/local/lib/ruby/gems/2.5.0/gems/railties-5.2.2.1/lib/rails/templates/rails/welcome/index.html.erb
  Rendered /usr/local/lib/ruby/gems/2.5.0/gems/railties-5.2.2.1/lib/rails/templates/rails/welcome/index.html.erb (4.2ms)
Completed 200 OK in 42ms (Views: 21.4ms | ActiveRecord: 0.0ms)


  [1m[35m (0.6ms)[0m  [1m[34mSELECT sqlite_version(*)[0m
  ↳ /usr/local/bin/rake:23
  [1m[35m (3.4ms)[0m  [1m[35mCREATE TABLE "schema_migrations" ("version" varchar NOT NULL PRIMARY KEY)[0m
  ↳ /usr/local/bin/rake:23
  [1m[35m (1.7ms)[0m  [1m[35mCREATE TABLE "ar_internal_metadata" ("key" varchar NOT NULL PRIMARY KEY, "value" varchar, "created_at" datetime NOT NULL, "updated_at" datetime NOT NULL)[0m
  ↳ /usr/local/bin/rake:23
  [1m[35m (0.6ms)[0m  [1m[34mSELECT "schema_migrations"."version" FROM "schema_migrations" ORDER BY "schema_migrations"."version" ASC[0m
  ↳ /usr/local/bin/rake:23
Migrating to CreateTodoLists (20190327124332)
  [1m[35m (0.1ms)[0m  [1m[36mbegin transaction[0m
  ↳ /usr/local/bin/rake:23
  [1m[35m (0.8ms)[0m  [1m[35mCREATE TABLE "todo_lists" ("id" integer PRIMARY KEY AUTOINCREMENT NOT NULL, "title" varchar, "description" text, "created_at" datetime NOT NULL, "updated_at" datetime NOT NULL)[0m
  ↳ db/migrate/20190327124332_create_todo_lists.rb:3
  [1m[36mActiveRecord::SchemaMigration Create (0.4ms)[0m  [1m[32mINSERT INTO "schema_migrations" ("version") VALUES (?)[0m  [["version", "20190327124332"]]
  ↳ /usr/local/bin/rake:23
  [1m[35m (6.4ms)[0m  [1m[36mcommit transaction[0m
  ↳ /usr/local/bin/rake:23
  [1m[36mActiveRecord::InternalMetadata Load (0.3ms)[0m  [1m[34mSELECT  "ar_internal_metadata".* FROM "ar_internal_metadata" WHERE "ar_internal_metadata"."key" = ? LIMIT ?[0m  [["key", "environment"], ["LIMIT", 1]]
  ↳ /usr/local/bin/rake:23
  [1m[35m (0.1ms)[0m  [1m[36mbegin transaction[0m
  ↳ /usr/local/bin/rake:23
  [1m[36mActiveRecord::InternalMetadata Create (0.6ms)[0m  [1m[32mINSERT INTO "ar_internal_metadata" ("key", "value", "created_at", "updated_at") VALUES (?, ?, ?, ?)[0m  [["key", "environment"], ["value", "development"], ["created_at", "2019-03-27 12:44:45.531000"], ["updated_at", "2019-03-27 12:44:45.531000"]]
  ↳ /usr/local/bin/rake:23
  [1m[35m (1.0ms)[0m  [1m[36mcommit transaction[0m
  ↳ /usr/local/bin/rake:23
  [1m[35m (0.2ms)[0m  [1m[34mSELECT "schema_migrations"."version" FROM "schema_migrations" ORDER BY "schema_migrations"."version" ASC[0m
  ↳ /usr/local/bin/rake:23
Started GET "/" for ::1 at 2019-03-27 14:45:27 +0200
  [1m[35m (0.3ms)[0m  [1m[34mSELECT "schema_migrations"."version" FROM "schema_migrations" ORDER BY "schema_migrations"."version" ASC[0m
  ↳ /usr/local/lib/ruby/gems/2.5.0/gems/activerecord-5.2.2.1/lib/active_record/log_subscriber.rb:98
Processing by Rails::WelcomeController#index as HTML
  Rendering /usr/local/lib/ruby/gems/2.5.0/gems/railties-5.2.2.1/lib/rails/templates/rails/welcome/index.html.erb
  Rendered /usr/local/lib/ruby/gems/2.5.0/gems/railties-5.2.2.1/lib/rails/templates/rails/welcome/index.html.erb (5.9ms)
Completed 200 OK in 41ms (Views: 15.3ms | ActiveRecord: 0.0ms)


Started GET "/todo_lists/" for ::1 at 2019-03-27 14:45:41 +0200
Processing by TodoListsController#index as HTML
  Rendering todo_lists/index.html.erb within layouts/application
  [1m[36mTodoList Load (1.0ms)[0m  [1m[34mSELECT "todo_lists".* FROM "todo_lists"[0m
  ↳ app/views/todo_lists/index.html.erb:15
  Rendered todo_lists/index.html.erb within layouts/application (5.9ms)
Completed 200 OK in 1488ms (Views: 1471.4ms | ActiveRecord: 1.6ms)


Started GET "/todo_lists/new" for ::1 at 2019-03-27 14:46:07 +0200
Processing by TodoListsController#new as HTML
  Rendering todo_lists/new.html.erb within layouts/application
  Rendered todo_lists/_form.html.erb (47.2ms)
  Rendered todo_lists/new.html.erb within layouts/application (50.5ms)
Completed 200 OK in 123ms (Views: 87.3ms | ActiveRecord: 1.1ms)


Started GET "/todo_lists" for ::1 at 2019-03-27 14:46:12 +0200
Processing by TodoListsController#index as HTML
  Rendering todo_lists/index.html.erb within layouts/application
  [1m[36mTodoList Load (0.2ms)[0m  [1m[34mSELECT "todo_lists".* FROM "todo_lists"[0m
  ↳ app/views/todo_lists/index.html.erb:15
  Rendered todo_lists/index.html.erb within layouts/application (2.6ms)
Completed 200 OK in 49ms (Views: 42.0ms | ActiveRecord: 0.2ms)


Started GET "/todo_lists/1" for ::1 at 2019-03-27 14:46:25 +0200
Processing by TodoListsController#show as HTML
  Parameters: {"id"=>"1"}
  [1m[36mTodoList Load (0.4ms)[0m  [1m[34mSELECT  "todo_lists".* FROM "todo_lists" WHERE "todo_lists"."id" = ? LIMIT ?[0m  [["id", 1], ["LIMIT", 1]]
  ↳ app/controllers/todo_lists_controller.rb:67
Completed 404 Not Found in 6ms (ActiveRecord: 0.4ms)


  
ActiveRecord::RecordNotFound (Couldn't find TodoList with 'id'=1):
  
app/controllers/todo_lists_controller.rb:67:in `set_todo_list'
Started GET "/todo_lists/new" for ::1 at 2019-03-27 14:46:34 +0200
Processing by TodoListsController#new as HTML
  Rendering todo_lists/new.html.erb within layouts/application
  Rendered todo_lists/_form.html.erb (3.0ms)
  Rendered todo_lists/new.html.erb within layouts/application (8.7ms)
Completed 200 OK in 47ms (Views: 39.0ms | ActiveRecord: 0.0ms)


Started POST "/todo_lists" for ::1 at 2019-03-27 14:46:51 +0200
Processing by TodoListsController#create as HTML
  Parameters: {"utf8"=>"✓", "authenticity_token"=>"XLn+h6LT3QxGN015q74C4tfbNpK0s1laFP0X3uWqsfGvNX/DkKnCSIhsqYZErhLZBvh/83RHi0l5Xz3HkejarQ==", "todo_list"=>{"title"=>" test", "description"=>"tets"}, "commit"=>"Create Todo list"}
  [1m[35m (0.1ms)[0m  [1m[36mbegin transaction[0m
  ↳ app/controllers/todo_lists_controller.rb:30
  [1m[36mTodoList Create (1.5ms)[0m  [1m[32mINSERT INTO "todo_lists" ("title", "description", "created_at", "updated_at") VALUES (?, ?, ?, ?)[0m  [["title", " test"], ["description", "tets"], ["created_at", "2019-03-27 12:46:51.534486"], ["updated_at", "2019-03-27 12:46:51.534486"]]
  ↳ app/controllers/todo_lists_controller.rb:30
  [1m[35m (1.6ms)[0m  [1m[36mcommit transaction[0m
  ↳ app/controllers/todo_lists_controller.rb:30
Redirected to http://localhost:3000/todo_lists/1
Completed 302 Found in 11ms (ActiveRecord: 3.1ms)


Started GET "/todo_lists/1" for ::1 at 2019-03-27 14:46:51 +0200
Processing by TodoListsController#show as HTML
  Parameters: {"id"=>"1"}
  [1m[36mTodoList Load (0.3ms)[0m  [1m[34mSELECT  "todo_lists".* FROM "todo_lists" WHERE "todo_lists"."id" = ? LIMIT ?[0m  [["id", 1], ["LIMIT", 1]]
  ↳ app/controllers/todo_lists_controller.rb:67
  Rendering todo_lists/show.html.erb within layouts/application
  Rendered todo_lists/show.html.erb within layouts/application (1.3ms)
Completed 200 OK in 57ms (Views: 46.3ms | ActiveRecord: 0.3ms)


Started GET "/todo_lists/1" for ::1 at 2019-03-27 14:51:09 +0200
  [1m[35m (0.3ms)[0m  [1m[34mSELECT "schema_migrations"."version" FROM "schema_migrations" ORDER BY "schema_migrations"."version" ASC[0m
  ↳ /usr/local/lib/ruby/gems/2.5.0/gems/activerecord-5.2.2.1/lib/active_record/log_subscriber.rb:98
Processing by TodoListsController#show as HTML
  Parameters: {"id"=>"1"}
  [1m[36mTodoList Load (0.3ms)[0m  [1m[34mSELECT  "todo_lists".* FROM "todo_lists" WHERE "todo_lists"."id" = ? LIMIT ?[0m  [["id", 1], ["LIMIT", 1]]
  ↳ app/controllers/todo_lists_controller.rb:67
  Rendering todo_lists/show.html.erb within layouts/application
  Rendered todo_lists/show.html.erb within layouts/application (3.5ms)
Completed 200 OK in 346ms (Views: 307.2ms | ActiveRecord: 0.9ms)


Started GET "/todo_lists/" for ::1 at 2019-03-27 14:51:12 +0200
Processing by TodoListsController#index as HTML
  Rendering todo_lists/index.html.erb within layouts/application
  [1m[36mTodoList Load (0.4ms)[0m  [1m[34mSELECT "todo_lists".* FROM "todo_lists"[0m
  ↳ app/views/todo_lists/index.html.erb:15
  Rendered todo_lists/index.html.erb within layouts/application (4.9ms)
Completed 200 OK in 97ms (Views: 87.3ms | ActiveRecord: 0.4ms)


Started GET "/todo_lists/!" for ::1 at 2019-03-27 14:51:30 +0200
Processing by TodoListsController#show as HTML
  Parameters: {"id"=>"!"}
  [1m[36mTodoList Load (3.3ms)[0m  [1m[34mSELECT  "todo_lists".* FROM "todo_lists" WHERE "todo_lists"."id" = ? LIMIT ?[0m  [["id", 0], ["LIMIT", 1]]
  ↳ app/controllers/todo_lists_controller.rb:67
Completed 404 Not Found in 9ms (ActiveRecord: 3.3ms)


  
ActiveRecord::RecordNotFound (Couldn't find TodoList with 'id'=!):
  
app/controllers/todo_lists_controller.rb:67:in `set_todo_list'
Started GET "/todo_lists/" for ::1 at 2019-03-27 14:51:35 +0200
Processing by TodoListsController#index as HTML
  Rendering todo_lists/index.html.erb within layouts/application
  [1m[36mTodoList Load (0.3ms)[0m  [1m[34mSELECT "todo_lists".* FROM "todo_lists"[0m
  ↳ app/views/todo_lists/index.html.erb:15
  Rendered todo_lists/index.html.erb within layouts/application (6.0ms)
Completed 200 OK in 50ms (Views: 45.9ms | ActiveRecord: 0.3ms)


  [1m[35m (0.2ms)[0m  [1m[34mSELECT "schema_migrations"."version" FROM "schema_migrations" ORDER BY "schema_migrations"."version" ASC[0m
  ↳ /usr/local/bin/rake:23
Migrating to CreateTodoItems (20190327125449)
  [1m[35m (0.1ms)[0m  [1m[36mbegin transaction[0m
  ↳ /usr/local/bin/rake:23
  [1m[35m (0.1ms)[0m  [1m[34mSELECT sqlite_version(*)[0m
  ↳ db/migrate/20190327125449_create_todo_items.rb:3
  [1m[35m (0.5ms)[0m  [1m[35mCREATE TABLE "todo_items" ("id" integer PRIMARY KEY AUTOINCREMENT NOT NULL, "content" varchar, "todo_list_id" integer, "created_at" datetime NOT NULL, "updated_at" datetime NOT NULL, CONSTRAINT "fk_rails_d913ce1c56"
FOREIGN KEY ("todo_list_id")
  REFERENCES "todo_lists" ("id")
)[0m
  ↳ db/migrate/20190327125449_create_todo_items.rb:3
  [1m[35m (0.1ms)[0m  [1m[35mCREATE  INDEX "index_todo_items_on_todo_list_id" ON "todo_items" ("todo_list_id")[0m
  ↳ db/migrate/20190327125449_create_todo_items.rb:3
  [1m[36mActiveRecord::SchemaMigration Create (0.2ms)[0m  [1m[32mINSERT INTO "schema_migrations" ("version") VALUES (?)[0m  [["version", "20190327125449"]]
  ↳ /usr/local/bin/rake:23
  [1m[35m (1.2ms)[0m  [1m[36mcommit transaction[0m
  ↳ /usr/local/bin/rake:23
  [1m[36mActiveRecord::InternalMetadata Load (0.2ms)[0m  [1m[34mSELECT  "ar_internal_metadata".* FROM "ar_internal_metadata" WHERE "ar_internal_metadata"."key" = ? LIMIT ?[0m  [["key", "environment"], ["LIMIT", 1]]
  ↳ /usr/local/bin/rake:23
  [1m[35m (0.1ms)[0m  [1m[36mbegin transaction[0m
  ↳ /usr/local/bin/rake:23
  [1m[35m (0.0ms)[0m  [1m[36mcommit transaction[0m
  ↳ /usr/local/bin/rake:23
  [1m[35m (0.1ms)[0m  [1m[34mSELECT "schema_migrations"."version" FROM "schema_migrations" ORDER BY "schema_migrations"."version" ASC[0m
  ↳ /usr/local/bin/rake:23
Started GET "/todo_lists/" for ::1 at 2019-03-27 15:17:35 +0200
  [1m[35m (1.5ms)[0m  [1m[34mSELECT "schema_migrations"."version" FROM "schema_migrations" ORDER BY "schema_migrations"."version" ASC[0m
  ↳ /usr/local/lib/ruby/gems/2.5.0/gems/activerecord-5.2.2.1/lib/active_record/log_subscriber.rb:98
Processing by TodoListsController#index as HTML
  Rendering todo_lists/index.html.erb within layouts/application
  [1m[36mTodoList Load (0.5ms)[0m  [1m[34mSELECT "todo_lists".* FROM "todo_lists"[0m
  ↳ app/views/todo_lists/index.html.erb:15
  Rendered todo_lists/index.html.erb within layouts/application (31.5ms)
Completed 200 OK in 484ms (Views: 442.4ms | ActiveRecord: 1.2ms)


Started GET "/todo_lists/1" for ::1 at 2019-03-27 15:17:41 +0200
Processing by TodoListsController#show as HTML
  Parameters: {"id"=>"1"}
  [1m[36mTodoList Load (0.4ms)[0m  [1m[34mSELECT  "todo_lists".* FROM "todo_lists" WHERE "todo_lists"."id" = ? LIMIT ?[0m  [["id", 1], ["LIMIT", 1]]
  ↳ app/controllers/todo_lists_controller.rb:67
  Rendering todo_lists/show.html.erb within layouts/application
  Rendered todo_lists/show.html.erb within layouts/application (2.2ms)
Completed 200 OK in 55ms (Views: 43.0ms | ActiveRecord: 0.4ms)


Started GET "/todo_lists" for ::1 at 2019-03-27 15:17:45 +0200
Processing by TodoListsController#index as HTML
  Rendering todo_lists/index.html.erb within layouts/application
  [1m[36mTodoList Load (0.3ms)[0m  [1m[34mSELECT "todo_lists".* FROM "todo_lists"[0m
  ↳ app/views/todo_lists/index.html.erb:15
  Rendered todo_lists/index.html.erb within layouts/application (6.4ms)
Completed 200 OK in 64ms (Views: 60.7ms | ActiveRecord: 0.3ms)


Started GET "/todo_lists/1/edit" for ::1 at 2019-03-27 15:17:49 +0200
Processing by TodoListsController#edit as HTML
  Parameters: {"id"=>"1"}
  [1m[36mTodoList Load (0.2ms)[0m  [1m[34mSELECT  "todo_lists".* FROM "todo_lists" WHERE "todo_lists"."id" = ? LIMIT ?[0m  [["id", 1], ["LIMIT", 1]]
  ↳ app/controllers/todo_lists_controller.rb:67
  Rendering todo_lists/edit.html.erb within layouts/application
  Rendered todo_lists/_form.html.erb (65.4ms)
  Rendered todo_lists/edit.html.erb within layouts/application (71.2ms)
Completed 200 OK in 110ms (Views: 101.1ms | ActiveRecord: 0.7ms)


Started GET "/todo_lists" for ::1 at 2019-03-27 15:17:53 +0200
Processing by TodoListsController#index as HTML
  Rendering todo_lists/index.html.erb within layouts/application
  [1m[36mTodoList Load (3.4ms)[0m  [1m[34mSELECT "todo_lists".* FROM "todo_lists"[0m
  ↳ app/views/todo_lists/index.html.erb:15
  Rendered todo_lists/index.html.erb within layouts/application (8.0ms)
Completed 200 OK in 100ms (Views: 92.8ms | ActiveRecord: 3.4ms)


Started GET "/todo_lists" for ::1 at 2019-03-27 15:23:31 +0200
  [1m[35m (0.5ms)[0m  [1m[34mSELECT "schema_migrations"."version" FROM "schema_migrations" ORDER BY "schema_migrations"."version" ASC[0m
  ↳ /usr/local/lib/ruby/gems/2.5.0/gems/activerecord-5.2.2.1/lib/active_record/log_subscriber.rb:98
Processing by TodoListsController#index as HTML
  Rendering todo_lists/index.html.erb within layouts/application
  [1m[36mTodoList Load (0.6ms)[0m  [1m[34mSELECT "todo_lists".* FROM "todo_lists"[0m
  ↳ app/views/todo_lists/index.html.erb:15
  Rendered todo_lists/index.html.erb within layouts/application (19.0ms)
Completed 500 Internal Server Error in 54ms (ActiveRecord: 1.2ms)


  
ActionView::Template::Error (undefined method `todo_items' for nil:NilClass):
    18:       <td><%= todo_list.description %></td>
    19:       <td><
    20:         <div id="todo_items_wrapper">
    21:           <%= render @todo_list.todo_items %>
    22:           <div id="form">
    23:             <%= render "todo_items/form" %>
    24:           </div>
  
app/views/todo_lists/index.html.erb:21:in `block in _app_views_todo_lists_index_html_erb__1607420607784152721_70097420123760'
app/views/todo_lists/index.html.erb:15:in `_app_views_todo_lists_index_html_erb__1607420607784152721_70097420123760'
Started GET "/todo_lists/1" for ::1 at 2019-03-27 15:23:47 +0200
Processing by TodoListsController#show as HTML
  Parameters: {"id"=>"1"}
  [1m[36mTodoList Load (0.4ms)[0m  [1m[34mSELECT  "todo_lists".* FROM "todo_lists" WHERE "todo_lists"."id" = ? LIMIT ?[0m  [["id", 1], ["LIMIT", 1]]
  ↳ app/controllers/todo_lists_controller.rb:67
  Rendering todo_lists/show.html.erb within layouts/application
  Rendered todo_lists/show.html.erb within layouts/application (1.8ms)
Completed 200 OK in 390ms (Views: 376.8ms | ActiveRecord: 0.4ms)


Started GET "/todo_lists/" for ::1 at 2019-03-27 15:23:52 +0200
Processing by TodoListsController#index as HTML
  Rendering todo_lists/index.html.erb within layouts/application
  [1m[36mTodoList Load (0.2ms)[0m  [1m[34mSELECT "todo_lists".* FROM "todo_lists"[0m
  ↳ app/views/todo_lists/index.html.erb:15
  Rendered todo_lists/index.html.erb within layouts/application (34.2ms)
Completed 500 Internal Server Error in 53ms (ActiveRecord: 0.2ms)


  
ActionView::Template::Error (undefined method `todo_items' for nil:NilClass):
    18:       <td><%= todo_list.description %></td>
    19:       <td><
    20:         <div id="todo_items_wrapper">
    21:           <%= render @todo_list.todo_items %>
    22:           <div id="form">
    23:             <%= render "todo_items/form" %>
    24:           </div>
  
app/views/todo_lists/index.html.erb:21:in `block in _app_views_todo_lists_index_html_erb__1607420607784152721_70097426428400'
app/views/todo_lists/index.html.erb:15:in `_app_views_todo_lists_index_html_erb__1607420607784152721_70097426428400'
Started GET "/todo_lists/" for ::1 at 2019-03-27 15:34:17 +0200
  [1m[35m (0.6ms)[0m  [1m[34mSELECT "schema_migrations"."version" FROM "schema_migrations" ORDER BY "schema_migrations"."version" ASC[0m
  ↳ /usr/local/lib/ruby/gems/2.5.0/gems/activerecord-5.2.2.1/lib/active_record/log_subscriber.rb:98
Processing by TodoListsController#index as HTML
  Rendering todo_lists/index.html.erb within layouts/application
  [1m[36mTodoList Load (0.7ms)[0m  [1m[34mSELECT "todo_lists".* FROM "todo_lists"[0m
  ↳ app/views/todo_lists/index.html.erb:15
  Rendered todo_lists/index.html.erb within layouts/application (14.5ms)
Completed 200 OK in 383ms (Views: 336.5ms | ActiveRecord: 2.2ms)


Started GET "/todo_lists/1" for ::1 at 2019-03-27 15:34:23 +0200
Processing by TodoListsController#show as HTML
  Parameters: {"id"=>"1"}
  [1m[36mTodoList Load (0.3ms)[0m  [1m[34mSELECT  "todo_lists".* FROM "todo_lists" WHERE "todo_lists"."id" = ? LIMIT ?[0m  [["id", 1], ["LIMIT", 1]]
  ↳ app/controllers/todo_lists_controller.rb:67
  Rendering todo_lists/show.html.erb within layouts/application
  Rendered todo_lists/show.html.erb within layouts/application (1.0ms)
Completed 200 OK in 79ms (Views: 68.3ms | ActiveRecord: 0.3ms)


Started GET "/todo_lists" for ::1 at 2019-03-27 15:34:24 +0200
Processing by TodoListsController#index as HTML
  Rendering todo_lists/index.html.erb within layouts/application
  [1m[36mTodoList Load (1.7ms)[0m  [1m[34mSELECT "todo_lists".* FROM "todo_lists"[0m
  ↳ app/views/todo_lists/index.html.erb:15
  Rendered todo_lists/index.html.erb within layouts/application (8.5ms)
Completed 200 OK in 66ms (Views: 61.7ms | ActiveRecord: 1.7ms)


Started GET "/todo_lists" for ::1 at 2019-03-27 15:37:04 +0200
  [1m[35m (0.4ms)[0m  [1m[34mSELECT "schema_migrations"."version" FROM "schema_migrations" ORDER BY "schema_migrations"."version" ASC[0m
  ↳ /usr/local/lib/ruby/gems/2.5.0/gems/activerecord-5.2.2.1/lib/active_record/log_subscriber.rb:98
Processing by TodoListsController#index as HTML
  Rendering todo_lists/index.html.erb within layouts/application
  [1m[36mTodoList Load (0.5ms)[0m  [1m[34mSELECT "todo_lists".* FROM "todo_lists"[0m
  ↳ app/views/todo_lists/index.html.erb:15
  Rendered todo_lists/index.html.erb within layouts/application (11.1ms)
Completed 200 OK in 368ms (Views: 336.8ms | ActiveRecord: 1.5ms)


Started GET "/todo_lists" for ::1 at 2019-03-27 15:37:13 +0200
Processing by TodoListsController#index as HTML
  Rendering todo_lists/index.html.erb within layouts/application
  [1m[36mTodoList Load (0.2ms)[0m  [1m[34mSELECT "todo_lists".* FROM "todo_lists"[0m
  ↳ app/views/todo_lists/index.html.erb:15
  Rendered todo_lists/index.html.erb within layouts/application (2.5ms)
Completed 200 OK in 68ms (Views: 63.1ms | ActiveRecord: 0.2ms)


Started GET "/todo_lists/new" for ::1 at 2019-03-27 15:37:21 +0200
Processing by TodoListsController#new as HTML
  Rendering todo_lists/new.html.erb within layouts/application
  Rendered todo_lists/_form.html.erb (53.5ms)
  Rendered todo_lists/new.html.erb within layouts/application (61.6ms)
Completed 500 Internal Server Error in 80ms (ActiveRecord: 0.5ms)


  
ActionView::Template::Error (No route matches {:action=>"index", :controller=>"todo_items", :todo_list_id=>nil}, missing required keys: [:todo_list_id]):
    25:     <%= form.submit %>
    26:   </div>
    27: <% end %>
    28: <%= form_for([@todo_list, @todo_list.todo_items.build]) do |f| %>
    29:   <%= f.text_field :content, placeholder: "New Todo" %>
    30:   <%= f.submit %>
    31: <% end %>
  
app/views/todo_lists/_form.html.erb:28:in `_app_views_todo_lists__form_html_erb___515647547750637092_70200209332140'
app/views/todo_lists/new.html.erb:3:in `_app_views_todo_lists_new_html_erb__128096474975269696_70200173072940'
Started GET "/todo_lists" for ::1 at 2019-03-27 15:37:24 +0200
Processing by TodoListsController#index as HTML
  Rendering todo_lists/index.html.erb within layouts/application
  [1m[36mTodoList Load (0.3ms)[0m  [1m[34mSELECT "todo_lists".* FROM "todo_lists"[0m
  ↳ app/views/todo_lists/index.html.erb:15
  Rendered todo_lists/index.html.erb within layouts/application (5.2ms)
Completed 200 OK in 92ms (Views: 82.4ms | ActiveRecord: 0.3ms)


Started GET "/todo_lists" for ::1 at 2019-03-27 15:42:25 +0200
  [1m[35m (0.3ms)[0m  [1m[34mSELECT "schema_migrations"."version" FROM "schema_migrations" ORDER BY "schema_migrations"."version" ASC[0m
  ↳ /usr/local/lib/ruby/gems/2.5.0/gems/activerecord-5.2.2.1/lib/active_record/log_subscriber.rb:98
Processing by TodoListsController#index as HTML
  Rendering todo_lists/index.html.erb within layouts/application
  [1m[36mTodoList Load (0.2ms)[0m  [1m[34mSELECT "todo_lists".* FROM "todo_lists"[0m
  ↳ app/views/todo_lists/index.html.erb:15
  Rendered todo_lists/index.html.erb within layouts/application (12.4ms)
Completed 200 OK in 439ms (Views: 408.2ms | ActiveRecord: 1.1ms)


Started GET "/todo_lists" for ::1 at 2019-03-27 15:43:38 +0200
  [1m[35m (0.2ms)[0m  [1m[34mSELECT "schema_migrations"."version" FROM "schema_migrations" ORDER BY "schema_migrations"."version" ASC[0m
  ↳ /usr/local/lib/ruby/gems/2.5.0/gems/activerecord-5.2.2.1/lib/active_record/log_subscriber.rb:98
Processing by TodoListsController#index as HTML
  Rendering todo_lists/index.html.erb within layouts/application
  [1m[36mTodoList Load (0.3ms)[0m  [1m[34mSELECT "todo_lists".* FROM "todo_lists"[0m
  ↳ app/views/todo_lists/index.html.erb:15
  Rendered todo_lists/index.html.erb within layouts/application (15.6ms)
Completed 200 OK in 427ms (Views: 389.0ms | ActiveRecord: 0.9ms)


Started GET "/todo_lists/new" for ::1 at 2019-03-27 15:43:42 +0200
Processing by TodoListsController#new as HTML
  Rendering todo_lists/new.html.erb within layouts/application
  Rendered todo_lists/_form.html.erb (18.5ms)
  Rendered todo_lists/new.html.erb within layouts/application (24.4ms)
Completed 200 OK in 95ms (Views: 88.2ms | ActiveRecord: 0.0ms)


Started GET "/todo_lists" for ::1 at 2019-03-27 15:43:47 +0200
Processing by TodoListsController#index as HTML
  Rendering todo_lists/index.html.erb within layouts/application
  [1m[36mTodoList Load (1.0ms)[0m  [1m[34mSELECT "todo_lists".* FROM "todo_lists"[0m
  ↳ app/views/todo_lists/index.html.erb:15
  Rendered todo_lists/index.html.erb within layouts/application (19.4ms)
Completed 200 OK in 89ms (Views: 83.5ms | ActiveRecord: 1.0ms)


Started GET "/todo_lists" for ::1 at 2019-03-27 15:45:14 +0200
  [1m[35m (0.1ms)[0m  [1m[34mSELECT "schema_migrations"."version" FROM "schema_migrations" ORDER BY "schema_migrations"."version" ASC[0m
  ↳ /usr/local/lib/ruby/gems/2.5.0/gems/activerecord-5.2.2.1/lib/active_record/log_subscriber.rb:98
Processing by TodoListsController#index as HTML
  Rendering todo_lists/index.html.erb within layouts/application
  [1m[36mTodoList Load (0.2ms)[0m  [1m[34mSELECT "todo_lists".* FROM "todo_lists"[0m
  ↳ app/views/todo_lists/index.html.erb:15
  Rendered todo_lists/index.html.erb within layouts/application (10.4ms)
Completed 200 OK in 385ms (Views: 359.2ms | ActiveRecord: 0.8ms)


Started GET "/todo_lists/new" for ::1 at 2019-03-27 15:45:18 +0200
Processing by TodoListsController#new as HTML
  Rendering todo_lists/new.html.erb within layouts/application
  Rendered todo_lists/_form.html.erb (25.3ms)
  Rendered todo_lists/new.html.erb within layouts/application (30.6ms)
Completed 200 OK in 111ms (Views: 104.3ms | ActiveRecord: 0.0ms)


Started GET "/todo_lists" for ::1 at 2019-03-27 15:45:21 +0200
Processing by TodoListsController#index as HTML
  Rendering todo_lists/index.html.erb within layouts/application
  [1m[36mTodoList Load (0.7ms)[0m  [1m[34mSELECT "todo_lists".* FROM "todo_lists"[0m
  ↳ app/views/todo_lists/index.html.erb:15
  Rendered todo_lists/index.html.erb within layouts/application (7.6ms)
Completed 200 OK in 84ms (Views: 78.4ms | ActiveRecord: 0.7ms)


Started GET "/todo_lists" for ::1 at 2019-03-27 15:45:56 +0200
  [1m[35m (0.5ms)[0m  [1m[34mSELECT "schema_migrations"."version" FROM "schema_migrations" ORDER BY "schema_migrations"."version" ASC[0m
  ↳ /usr/local/lib/ruby/gems/2.5.0/gems/activerecord-5.2.2.1/lib/active_record/log_subscriber.rb:98
Processing by TodoListsController#index as HTML
  Rendering todo_lists/index.html.erb within layouts/application
  [1m[36mTodoList Load (0.2ms)[0m  [1m[34mSELECT "todo_lists".* FROM "todo_lists"[0m
  ↳ app/views/todo_lists/index.html.erb:15
  Rendered todo_lists/index.html.erb within layouts/application (21.6ms)
Completed 200 OK in 538ms (Views: 505.1ms | ActiveRecord: 1.1ms)


Started GET "/todo_lists/new" for ::1 at 2019-03-27 15:45:58 +0200
Processing by TodoListsController#new as HTML
  Rendering todo_lists/new.html.erb within layouts/application
  Rendered todo_lists/_form.html.erb (23.1ms)
  Rendered todo_lists/new.html.erb within layouts/application (30.9ms)
Completed 200 OK in 78ms (Views: 72.4ms | ActiveRecord: 0.0ms)


Started GET "/todo_lists" for ::1 at 2019-03-27 15:46:00 +0200
Processing by TodoListsController#index as HTML
  Rendering todo_lists/index.html.erb within layouts/application
  [1m[36mTodoList Load (0.4ms)[0m  [1m[34mSELECT "todo_lists".* FROM "todo_lists"[0m
  ↳ app/views/todo_lists/index.html.erb:15
  Rendered todo_lists/index.html.erb within layouts/application (7.1ms)
Completed 200 OK in 64ms (Views: 59.9ms | ActiveRecord: 0.4ms)


Started GET "/todo_lists/1" for ::1 at 2019-03-27 15:46:20 +0200
Processing by TodoListsController#show as HTML
  Parameters: {"id"=>"1"}
  [1m[36mTodoList Load (0.4ms)[0m  [1m[34mSELECT  "todo_lists".* FROM "todo_lists" WHERE "todo_lists"."id" = ? LIMIT ?[0m  [["id", 1], ["LIMIT", 1]]
  ↳ app/controllers/todo_lists_controller.rb:67
  Rendering todo_lists/show.html.erb within layouts/application
  Rendered todo_lists/show.html.erb within layouts/application (1.9ms)
Completed 200 OK in 61ms (Views: 49.9ms | ActiveRecord: 0.4ms)


Started GET "/todo_lists" for ::1 at 2019-03-27 15:46:22 +0200
Processing by TodoListsController#index as HTML
  Rendering todo_lists/index.html.erb within layouts/application
  [1m[36mTodoList Load (0.3ms)[0m  [1m[34mSELECT "todo_lists".* FROM "todo_lists"[0m
  ↳ app/views/todo_lists/index.html.erb:15
  Rendered todo_lists/index.html.erb within layouts/application (4.5ms)
Completed 200 OK in 60ms (Views: 56.6ms | ActiveRecord: 0.3ms)


Started GET "/todo_lists/new" for ::1 at 2019-03-27 15:51:14 +0200
  [1m[35m (0.2ms)[0m  [1m[34mSELECT "schema_migrations"."version" FROM "schema_migrations" ORDER BY "schema_migrations"."version" ASC[0m
  ↳ /usr/local/lib/ruby/gems/2.5.0/gems/activerecord-5.2.2.1/lib/active_record/log_subscriber.rb:98
Processing by TodoListsController#new as HTML
  Rendering todo_lists/new.html.erb within layouts/application
  Rendered todo_lists/_form.html.erb (16.3ms)
  Rendered todo_lists/new.html.erb within layouts/application (21.8ms)
Completed 200 OK in 331ms (Views: 278.9ms | ActiveRecord: 0.9ms)


Started POST "/todo_lists" for ::1 at 2019-03-27 15:51:22 +0200
Processing by TodoListsController#create as HTML
  Parameters: {"utf8"=>"✓", "authenticity_token"=>"5LniNl8LC2QJDi8ugbANitZRMz03G5XOC2zvBBLLdQgXNWNybXEUIMdVy9FuoB2xB3J6XPfvR91mzsUdZokeVA==", "todo_list"=>{"title"=>" test test test test test test test", "description"=>" test test test test test test test test test test test test test test"}, "commit"=>"Create Todo list"}
  [1m[35m (0.1ms)[0m  [1m[36mbegin transaction[0m
  ↳ app/controllers/todo_lists_controller.rb:30
  [1m[36mTodoList Create (1.5ms)[0m  [1m[32mINSERT INTO "todo_lists" ("title", "description", "created_at", "updated_at") VALUES (?, ?, ?, ?)[0m  [["title", " test test test test test test test"], ["description", " test test test test test test test test test test test test test test"], ["created_at", "2019-03-27 13:51:22.727070"], ["updated_at", "2019-03-27 13:51:22.727070"]]
  ↳ app/controllers/todo_lists_controller.rb:30
  [1m[35m (3.1ms)[0m  [1m[36mcommit transaction[0m
  ↳ app/controllers/todo_lists_controller.rb:30
Redirected to http://localhost:3000/todo_lists/2
Completed 302 Found in 15ms (ActiveRecord: 4.6ms)


Started GET "/todo_lists/2" for ::1 at 2019-03-27 15:51:22 +0200
Processing by TodoListsController#show as HTML
  Parameters: {"id"=>"2"}
  [1m[36mTodoList Load (0.3ms)[0m  [1m[34mSELECT  "todo_lists".* FROM "todo_lists" WHERE "todo_lists"."id" = ? LIMIT ?[0m  [["id", 2], ["LIMIT", 1]]
  ↳ app/controllers/todo_lists_controller.rb:67
  Rendering todo_lists/show.html.erb within layouts/application
  Rendered todo_lists/show.html.erb within layouts/application (2.1ms)
Completed 200 OK in 72ms (Views: 60.0ms | ActiveRecord: 0.3ms)


Started GET "/todo_lists" for ::1 at 2019-03-27 15:51:25 +0200
Processing by TodoListsController#index as HTML
  Rendering todo_lists/index.html.erb within layouts/application
  [1m[36mTodoList Load (0.5ms)[0m  [1m[34mSELECT "todo_lists".* FROM "todo_lists"[0m
  ↳ app/views/todo_lists/index.html.erb:15
  Rendered todo_lists/index.html.erb within layouts/application (6.5ms)
Completed 200 OK in 67ms (Views: 61.0ms | ActiveRecord: 0.5ms)


Started GET "/todo_lists/1" for ::1 at 2019-03-27 15:51:29 +0200
Processing by TodoListsController#show as HTML
  Parameters: {"id"=>"1"}
  [1m[36mTodoList Load (0.2ms)[0m  [1m[34mSELECT  "todo_lists".* FROM "todo_lists" WHERE "todo_lists"."id" = ? LIMIT ?[0m  [["id", 1], ["LIMIT", 1]]
  ↳ app/controllers/todo_lists_controller.rb:67
  Rendering todo_lists/show.html.erb within layouts/application
  Rendered todo_lists/show.html.erb within layouts/application (1.5ms)
Completed 200 OK in 67ms (Views: 61.7ms | ActiveRecord: 0.2ms)


Started GET "/todo_lists" for ::1 at 2019-03-27 15:51:36 +0200
Processing by TodoListsController#index as HTML
  Rendering todo_lists/index.html.erb within layouts/application
  [1m[36mTodoList Load (0.4ms)[0m  [1m[34mSELECT "todo_lists".* FROM "todo_lists"[0m
  ↳ app/views/todo_lists/index.html.erb:15
  Rendered todo_lists/index.html.erb within layouts/application (6.1ms)
Completed 200 OK in 59ms (Views: 51.6ms | ActiveRecord: 0.4ms)


Started GET "/todo_lists/1" for ::1 at 2019-03-27 15:51:42 +0200
Processing by TodoListsController#show as HTML
  Parameters: {"id"=>"1"}
  [1m[36mTodoList Load (0.2ms)[0m  [1m[34mSELECT  "todo_lists".* FROM "todo_lists" WHERE "todo_lists"."id" = ? LIMIT ?[0m  [["id", 1], ["LIMIT", 1]]
  ↳ app/controllers/todo_lists_controller.rb:67
  Rendering todo_lists/show.html.erb within layouts/application
  Rendered todo_lists/show.html.erb within layouts/application (1.0ms)
Completed 200 OK in 79ms (Views: 75.7ms | ActiveRecord: 0.2ms)


Started GET "/todo_lists" for ::1 at 2019-03-27 15:51:46 +0200
Processing by TodoListsController#index as HTML
  Rendering todo_lists/index.html.erb within layouts/application
  [1m[36mTodoList Load (0.4ms)[0m  [1m[34mSELECT "todo_lists".* FROM "todo_lists"[0m
  ↳ app/views/todo_lists/index.html.erb:15
  Rendered todo_lists/index.html.erb within layouts/application (5.7ms)
Completed 200 OK in 63ms (Views: 56.4ms | ActiveRecord: 0.4ms)


Started GET "/todo_lists/2" for ::1 at 2019-03-27 15:51:48 +0200
Processing by TodoListsController#show as HTML
  Parameters: {"id"=>"2"}
  [1m[36mTodoList Load (0.1ms)[0m  [1m[34mSELECT  "todo_lists".* FROM "todo_lists" WHERE "todo_lists"."id" = ? LIMIT ?[0m  [["id", 2], ["LIMIT", 1]]
  ↳ app/controllers/todo_lists_controller.rb:67
  Rendering todo_lists/show.html.erb within layouts/application
  Rendered todo_lists/show.html.erb within layouts/application (1.0ms)
Completed 200 OK in 52ms (Views: 47.1ms | ActiveRecord: 0.1ms)


Started GET "/todo_lists" for ::1 at 2019-03-27 15:51:49 +0200
Processing by TodoListsController#index as HTML
  Rendering todo_lists/index.html.erb within layouts/application
  [1m[36mTodoList Load (0.3ms)[0m  [1m[34mSELECT "todo_lists".* FROM "todo_lists"[0m
  ↳ app/views/todo_lists/index.html.erb:15
  Rendered todo_lists/index.html.erb within layouts/application (4.5ms)
Completed 200 OK in 51ms (Views: 46.0ms | ActiveRecord: 0.3ms)


Started GET "/todo_lists/2" for ::1 at 2019-03-27 15:51:50 +0200
Processing by TodoListsController#show as HTML
  Parameters: {"id"=>"2"}
  [1m[36mTodoList Load (0.2ms)[0m  [1m[34mSELECT  "todo_lists".* FROM "todo_lists" WHERE "todo_lists"."id" = ? LIMIT ?[0m  [["id", 2], ["LIMIT", 1]]
  ↳ app/controllers/todo_lists_controller.rb:67
  Rendering todo_lists/show.html.erb within layouts/application
  Rendered todo_lists/show.html.erb within layouts/application (0.9ms)
Completed 200 OK in 62ms (Views: 58.2ms | ActiveRecord: 0.2ms)


Started GET "/todo_lists" for ::1 at 2019-03-27 15:51:51 +0200
Processing by TodoListsController#index as HTML
  Rendering todo_lists/index.html.erb within layouts/application
  [1m[36mTodoList Load (0.2ms)[0m  [1m[34mSELECT "todo_lists".* FROM "todo_lists"[0m
  ↳ app/views/todo_lists/index.html.erb:15
  Rendered todo_lists/index.html.erb within layouts/application (4.0ms)
Completed 200 OK in 77ms (Views: 69.0ms | ActiveRecord: 0.2ms)


Started GET "/todo_lists/1" for ::1 at 2019-03-27 15:51:52 +0200
Processing by TodoListsController#show as HTML
  Parameters: {"id"=>"1"}
  [1m[36mTodoList Load (0.1ms)[0m  [1m[34mSELECT  "todo_lists".* FROM "todo_lists" WHERE "todo_lists"."id" = ? LIMIT ?[0m  [["id", 1], ["LIMIT", 1]]
  ↳ app/controllers/todo_lists_controller.rb:67
  Rendering todo_lists/show.html.erb within layouts/application
  Rendered todo_lists/show.html.erb within layouts/application (0.8ms)
Completed 200 OK in 64ms (Views: 60.5ms | ActiveRecord: 0.1ms)


Started GET "/todo_lists" for ::1 at 2019-03-27 15:51:53 +0200
Processing by TodoListsController#index as HTML
  Rendering todo_lists/index.html.erb within layouts/application
  [1m[36mTodoList Load (0.3ms)[0m  [1m[34mSELECT "todo_lists".* FROM "todo_lists"[0m
  ↳ app/views/todo_lists/index.html.erb:15
  Rendered todo_lists/index.html.erb within layouts/application (4.0ms)
Completed 200 OK in 61ms (Views: 56.4ms | ActiveRecord: 0.3ms)


Started GET "/todo_lists" for ::1 at 2019-03-27 15:52:58 +0200
  [1m[35m (0.2ms)[0m  [1m[34mSELECT "schema_migrations"."version" FROM "schema_migrations" ORDER BY "schema_migrations"."version" ASC[0m
  ↳ /usr/local/lib/ruby/gems/2.5.0/gems/activerecord-5.2.2.1/lib/active_record/log_subscriber.rb:98
Processing by TodoListsController#index as HTML
  Rendering todo_lists/index.html.erb within layouts/application
  [1m[36mTodoList Load (0.4ms)[0m  [1m[34mSELECT "todo_lists".* FROM "todo_lists"[0m
  ↳ app/views/todo_lists/index.html.erb:15
  Rendered todo_lists/index.html.erb within layouts/application (23.7ms)
Completed 200 OK in 370ms (Views: 347.5ms | ActiveRecord: 2.2ms)


Started GET "/todo_lists/1" for ::1 at 2019-03-27 15:53:03 +0200
Processing by TodoListsController#show as HTML
  Parameters: {"id"=>"1"}
  [1m[36mTodoList Load (0.4ms)[0m  [1m[34mSELECT  "todo_lists".* FROM "todo_lists" WHERE "todo_lists"."id" = ? LIMIT ?[0m  [["id", 1], ["LIMIT", 1]]
  ↳ app/controllers/todo_lists_controller.rb:67
  Rendering todo_lists/show.html.erb within layouts/application
  Rendered todo_lists/show.html.erb within layouts/application (1.3ms)
Completed 200 OK in 91ms (Views: 81.8ms | ActiveRecord: 0.4ms)


Started GET "/todo_lists" for ::1 at 2019-03-27 15:53:05 +0200
Processing by TodoListsController#index as HTML
  Rendering todo_lists/index.html.erb within layouts/application
  [1m[36mTodoList Load (0.3ms)[0m  [1m[34mSELECT "todo_lists".* FROM "todo_lists"[0m
  ↳ app/views/todo_lists/index.html.erb:15
  Rendered todo_lists/index.html.erb within layouts/application (4.7ms)
Completed 200 OK in 66ms (Views: 58.5ms | ActiveRecord: 0.3ms)


Started GET "/todo_lists/new" for ::1 at 2019-03-27 15:53:10 +0200
Processing by TodoListsController#new as HTML
  Rendering todo_lists/new.html.erb within layouts/application
  Rendered todo_lists/_form.html.erb (45.5ms)
  Rendered todo_lists/new.html.erb within layouts/application (52.5ms)
Completed 500 Internal Server Error in 66ms (ActiveRecord: 1.0ms)


  
ActionView::Template::Error (No route matches {:action=>"index", :controller=>"todo_items", :todo_list_id=>nil}, missing required keys: [:todo_list_id]):
    25:     <%#= form.submit %>
    26: <!--  </div>-->
    27: <%# end %>
    28: <%= form_for([@todo_list, @todo_list.todo_items.build]) do |f| %>
    29:   <%= f.text_field :content, placeholder: "New Todo" %>
    30:   <%= f.submit %>
    31: <% end %>
  
app/views/todo_lists/_form.html.erb:28:in `_app_views_todo_lists__form_html_erb__39259431641835171_70294864752120'
app/views/todo_lists/new.html.erb:3:in `_app_views_todo_lists_new_html_erb__2995086622309021182_70294899775460'
Started GET "/todo_lists" for ::1 at 2019-03-27 15:53:13 +0200
Processing by TodoListsController#index as HTML
  Rendering todo_lists/index.html.erb within layouts/application
  [1m[36mTodoList Load (1.8ms)[0m  [1m[34mSELECT "todo_lists".* FROM "todo_lists"[0m
  ↳ app/views/todo_lists/index.html.erb:15
  Rendered todo_lists/index.html.erb within layouts/application (8.5ms)
Completed 200 OK in 76ms (Views: 69.0ms | ActiveRecord: 1.8ms)


  [1m[35m (0.1ms)[0m  [1m[34mSELECT "schema_migrations"."version" FROM "schema_migrations" ORDER BY "schema_migrations"."version" ASC[0m
  ↳ /usr/local/bin/rake:23
  [1m[36mActiveRecord::InternalMetadata Load (0.2ms)[0m  [1m[34mSELECT  "ar_internal_metadata".* FROM "ar_internal_metadata" WHERE "ar_internal_metadata"."key" = ? LIMIT ?[0m  [["key", "environment"], ["LIMIT", 1]]
  ↳ /usr/local/bin/rake:23
  [1m[35m (0.1ms)[0m  [1m[36mbegin transaction[0m
  ↳ /usr/local/bin/rake:23
  [1m[35m (0.0ms)[0m  [1m[36mcommit transaction[0m
  ↳ /usr/local/bin/rake:23
  [1m[35m (0.1ms)[0m  [1m[34mSELECT "schema_migrations"."version" FROM "schema_migrations" ORDER BY "schema_migrations"."version" ASC[0m
  ↳ /usr/local/bin/rake:23
Started GET "/todo_lists" for ::1 at 2019-03-27 16:02:05 +0200
  [1m[35m (0.3ms)[0m  [1m[34mSELECT "schema_migrations"."version" FROM "schema_migrations" ORDER BY "schema_migrations"."version" ASC[0m
  ↳ /usr/local/lib/ruby/gems/2.5.0/gems/activerecord-5.2.2.1/lib/active_record/log_subscriber.rb:98
Processing by TodoListsController#index as HTML
  Rendering todo_lists/index.html.erb within layouts/application
  [1m[36mTodoList Load (0.3ms)[0m  [1m[34mSELECT "todo_lists".* FROM "todo_lists"[0m
  ↳ app/views/todo_lists/index.html.erb:15
  Rendered todo_lists/index.html.erb within layouts/application (57.2ms)
Completed 200 OK in 511ms (Views: 398.6ms | ActiveRecord: 2.4ms)


Started GET "/todo_lists/1" for ::1 at 2019-03-27 16:02:08 +0200
Processing by TodoListsController#show as HTML
  Parameters: {"id"=>"1"}
  [1m[36mTodoList Load (0.2ms)[0m  [1m[34mSELECT  "todo_lists".* FROM "todo_lists" WHERE "todo_lists"."id" = ? LIMIT ?[0m  [["id", 1], ["LIMIT", 1]]
  ↳ app/controllers/todo_lists_controller.rb:67
  Rendering todo_lists/show.html.erb within layouts/application
  [1m[36mTodoItem Load (0.3ms)[0m  [1m[34mSELECT "todo_items".* FROM "todo_items" WHERE "todo_items"."todo_list_id" = ?[0m  [["todo_list_id", 1]]
  ↳ app/views/todo_lists/show.html.erb:14
  Rendered collection of templates [0 times] (0.0ms)
  Rendered todo_items/_form.html.erb (30.0ms)
  Rendered todo_lists/show.html.erb within layouts/application (67.2ms)
Completed 200 OK in 114ms (Views: 104.3ms | ActiveRecord: 1.3ms)


Started GET "/todo_lists" for ::1 at 2019-03-27 16:02:10 +0200
Processing by TodoListsController#index as HTML
  Rendering todo_lists/index.html.erb within layouts/application
  [1m[36mTodoList Load (0.4ms)[0m  [1m[34mSELECT "todo_lists".* FROM "todo_lists"[0m
  ↳ app/views/todo_lists/index.html.erb:15
  Rendered todo_lists/index.html.erb within layouts/application (8.5ms)
Completed 200 OK in 68ms (Views: 61.7ms | ActiveRecord: 0.4ms)


Started GET "/todo_lists/new" for ::1 at 2019-03-27 16:02:11 +0200
Processing by TodoListsController#new as HTML
  Rendering todo_lists/new.html.erb within layouts/application
  Rendered todo_lists/_form.html.erb (10.2ms)
  Rendered todo_lists/new.html.erb within layouts/application (17.0ms)
Completed 200 OK in 63ms (Views: 60.4ms | ActiveRecord: 0.0ms)


Started GET "/todo_lists" for ::1 at 2019-03-27 16:02:12 +0200
Processing by TodoListsController#index as HTML
  Rendering todo_lists/index.html.erb within layouts/application
  [1m[36mTodoList Load (0.3ms)[0m  [1m[34mSELECT "todo_lists".* FROM "todo_lists"[0m
  ↳ app/views/todo_lists/index.html.erb:15
  Rendered todo_lists/index.html.erb within layouts/application (5.4ms)
Completed 200 OK in 72ms (Views: 64.7ms | ActiveRecord: 0.3ms)


Started GET "/todo_lists/2/edit" for ::1 at 2019-03-27 16:02:25 +0200
Processing by TodoListsController#edit as HTML
  Parameters: {"id"=>"2"}
  [1m[36mTodoList Load (0.2ms)[0m  [1m[34mSELECT  "todo_lists".* FROM "todo_lists" WHERE "todo_lists"."id" = ? LIMIT ?[0m  [["id", 2], ["LIMIT", 1]]
  ↳ app/controllers/todo_lists_controller.rb:67
  Rendering todo_lists/edit.html.erb within layouts/application
  Rendered todo_lists/_form.html.erb (4.2ms)
  Rendered todo_lists/edit.html.erb within layouts/application (12.1ms)
Completed 200 OK in 95ms (Views: 88.9ms | ActiveRecord: 0.2ms)


Started GET "/todo_lists" for ::1 at 2019-03-27 16:02:27 +0200
Processing by TodoListsController#index as HTML
  Rendering todo_lists/index.html.erb within layouts/application
  [1m[36mTodoList Load (0.5ms)[0m  [1m[34mSELECT "todo_lists".* FROM "todo_lists"[0m
  ↳ app/views/todo_lists/index.html.erb:15
  Rendered todo_lists/index.html.erb within layouts/application (6.9ms)
Completed 200 OK in 65ms (Views: 57.1ms | ActiveRecord: 0.5ms)


Started GET "/todo_lists/1/edit" for ::1 at 2019-03-27 16:02:28 +0200
Processing by TodoListsController#edit as HTML
  Parameters: {"id"=>"1"}
  [1m[36mTodoList Load (0.2ms)[0m  [1m[34mSELECT  "todo_lists".* FROM "todo_lists" WHERE "todo_lists"."id" = ? LIMIT ?[0m  [["id", 1], ["LIMIT", 1]]
  ↳ app/controllers/todo_lists_controller.rb:67
  Rendering todo_lists/edit.html.erb within layouts/application
  Rendered todo_lists/_form.html.erb (8.2ms)
  Rendered todo_lists/edit.html.erb within layouts/application (18.1ms)
Completed 200 OK in 81ms (Views: 74.4ms | ActiveRecord: 0.2ms)


Started GET "/todo_lists" for ::1 at 2019-03-27 16:02:29 +0200
Processing by TodoListsController#index as HTML
  Rendering todo_lists/index.html.erb within layouts/application
  [1m[36mTodoList Load (0.2ms)[0m  [1m[34mSELECT "todo_lists".* FROM "todo_lists"[0m
  ↳ app/views/todo_lists/index.html.erb:15
  Rendered todo_lists/index.html.erb within layouts/application (3.2ms)
Completed 200 OK in 59ms (Views: 53.8ms | ActiveRecord: 0.2ms)


Started GET "/todo_lists/2" for ::1 at 2019-03-27 16:02:31 +0200
Processing by TodoListsController#show as HTML
  Parameters: {"id"=>"2"}
  [1m[36mTodoList Load (0.1ms)[0m  [1m[34mSELECT  "todo_lists".* FROM "todo_lists" WHERE "todo_lists"."id" = ? LIMIT ?[0m  [["id", 2], ["LIMIT", 1]]
  ↳ app/controllers/todo_lists_controller.rb:67
  Rendering todo_lists/show.html.erb within layouts/application
  [1m[36mTodoItem Load (0.2ms)[0m  [1m[34mSELECT "todo_items".* FROM "todo_items" WHERE "todo_items"."todo_list_id" = ?[0m  [["todo_list_id", 2]]
  ↳ app/views/todo_lists/show.html.erb:14
  Rendered collection of templates [0 times] (0.0ms)
  Rendered todo_items/_form.html.erb (4.9ms)
  Rendered todo_lists/show.html.erb within layouts/application (17.4ms)
Completed 200 OK in 99ms (Views: 94.9ms | ActiveRecord: 0.4ms)


Started GET "/todo_lists" for ::1 at 2019-03-27 16:02:34 +0200
Processing by TodoListsController#index as HTML
  Rendering todo_lists/index.html.erb within layouts/application
  [1m[36mTodoList Load (0.3ms)[0m  [1m[34mSELECT "todo_lists".* FROM "todo_lists"[0m
  ↳ app/views/todo_lists/index.html.erb:15
  Rendered todo_lists/index.html.erb within layouts/application (6.9ms)
Completed 200 OK in 79ms (Views: 72.0ms | ActiveRecord: 0.3ms)


Started GET "/todo_lists/new" for ::1 at 2019-03-27 16:02:38 +0200
Processing by TodoListsController#new as HTML
  Rendering todo_lists/new.html.erb within layouts/application
  Rendered todo_lists/_form.html.erb (6.6ms)
  Rendered todo_lists/new.html.erb within layouts/application (15.7ms)
Completed 200 OK in 78ms (Views: 71.9ms | ActiveRecord: 0.0ms)


Started GET "/todo_lists" for ::1 at 2019-03-27 16:02:40 +0200
Processing by TodoListsController#index as HTML
  Rendering todo_lists/index.html.erb within layouts/application
  [1m[36mTodoList Load (0.3ms)[0m  [1m[34mSELECT "todo_lists".* FROM "todo_lists"[0m
  ↳ app/views/todo_lists/index.html.erb:15
  Rendered todo_lists/index.html.erb within layouts/application (4.9ms)
Completed 200 OK in 75ms (Views: 68.2ms | ActiveRecord: 0.3ms)


Started GET "/todo_lists/1" for ::1 at 2019-03-27 16:02:42 +0200
Processing by TodoListsController#show as HTML
  Parameters: {"id"=>"1"}
  [1m[36mTodoList Load (0.2ms)[0m  [1m[34mSELECT  "todo_lists".* FROM "todo_lists" WHERE "todo_lists"."id" = ? LIMIT ?[0m  [["id", 1], ["LIMIT", 1]]
  ↳ app/controllers/todo_lists_controller.rb:67
  Rendering todo_lists/show.html.erb within layouts/application
  [1m[36mTodoItem Load (0.2ms)[0m  [1m[34mSELECT "todo_items".* FROM "todo_items" WHERE "todo_items"."todo_list_id" = ?[0m  [["todo_list_id", 1]]
  ↳ app/views/todo_lists/show.html.erb:14
  Rendered collection of templates [0 times] (0.0ms)
  Rendered todo_items/_form.html.erb (7.6ms)
  Rendered todo_lists/show.html.erb within layouts/application (18.9ms)
Completed 200 OK in 74ms (Views: 68.8ms | ActiveRecord: 0.4ms)


Started GET "/todo_lists" for ::1 at 2019-03-27 16:02:46 +0200
Processing by TodoListsController#index as HTML
  Rendering todo_lists/index.html.erb within layouts/application
  [1m[36mTodoList Load (0.3ms)[0m  [1m[34mSELECT "todo_lists".* FROM "todo_lists"[0m
  ↳ app/views/todo_lists/index.html.erb:15
  Rendered todo_lists/index.html.erb within layouts/application (6.3ms)
Completed 200 OK in 52ms (Views: 45.0ms | ActiveRecord: 0.3ms)


Started GET "/todo_lists" for ::1 at 2019-03-27 16:04:38 +0200
  [1m[35m (0.2ms)[0m  [1m[34mSELECT "schema_migrations"."version" FROM "schema_migrations" ORDER BY "schema_migrations"."version" ASC[0m
  ↳ /usr/local/lib/ruby/gems/2.5.0/gems/activerecord-5.2.2.1/lib/active_record/log_subscriber.rb:98
Processing by TodoListsController#index as HTML
  Rendering todo_lists/index.html.erb within layouts/application
  [1m[36mTodoList Load (0.3ms)[0m  [1m[34mSELECT "todo_lists".* FROM "todo_lists"[0m
  ↳ app/views/todo_lists/index.html.erb:15
  Rendered todo_lists/index.html.erb within layouts/application (29.2ms)
Completed 200 OK in 334ms (Views: 308.9ms | ActiveRecord: 2.3ms)


Started GET "/todo_lists/1" for ::1 at 2019-03-27 16:04:42 +0200
Processing by TodoListsController#show as HTML
  Parameters: {"id"=>"1"}
  [1m[36mTodoList Load (0.3ms)[0m  [1m[34mSELECT  "todo_lists".* FROM "todo_lists" WHERE "todo_lists"."id" = ? LIMIT ?[0m  [["id", 1], ["LIMIT", 1]]
  ↳ app/controllers/todo_lists_controller.rb:67
  Rendering todo_lists/show.html.erb within layouts/application
  [1m[36mTodoItem Load (0.2ms)[0m  [1m[34mSELECT "todo_items".* FROM "todo_items" WHERE "todo_items"."todo_list_id" = ?[0m  [["todo_list_id", 1]]
  ↳ app/views/todo_lists/show.html.erb:11
  Rendered collection of templates [0 times] (0.0ms)
  Rendered todo_items/_form.html.erb (45.3ms)
  Rendered todo_lists/show.html.erb within layouts/application (73.2ms)
Completed 200 OK in 122ms (Views: 112.0ms | ActiveRecord: 1.4ms)


Started GET "/todo_lists" for ::1 at 2019-03-27 16:04:44 +0200
Processing by TodoListsController#index as HTML
  Rendering todo_lists/index.html.erb within layouts/application
  [1m[36mTodoList Load (0.3ms)[0m  [1m[34mSELECT "todo_lists".* FROM "todo_lists"[0m
  ↳ app/views/todo_lists/index.html.erb:15
  Rendered todo_lists/index.html.erb within layouts/application (3.5ms)
Completed 200 OK in 56ms (Views: 50.2ms | ActiveRecord: 0.3ms)


Started GET "/todo_lists/2" for ::1 at 2019-03-27 16:04:47 +0200
Processing by TodoListsController#show as HTML
  Parameters: {"id"=>"2"}
  [1m[36mTodoList Load (0.2ms)[0m  [1m[34mSELECT  "todo_lists".* FROM "todo_lists" WHERE "todo_lists"."id" = ? LIMIT ?[0m  [["id", 2], ["LIMIT", 1]]
  ↳ app/controllers/todo_lists_controller.rb:67
  Rendering todo_lists/show.html.erb within layouts/application
  [1m[36mTodoItem Load (0.3ms)[0m  [1m[34mSELECT "todo_items".* FROM "todo_items" WHERE "todo_items"."todo_list_id" = ?[0m  [["todo_list_id", 2]]
  ↳ app/views/todo_lists/show.html.erb:11
  Rendered collection of templates [0 times] (0.0ms)
  Rendered todo_items/_form.html.erb (4.7ms)
  Rendered todo_lists/show.html.erb within layouts/application (17.0ms)
Completed 200 OK in 106ms (Views: 99.9ms | ActiveRecord: 0.5ms)


Started GET "/todo_lists" for ::1 at 2019-03-27 16:04:47 +0200
Processing by TodoListsController#index as HTML
  Rendering todo_lists/index.html.erb within layouts/application
  [1m[36mTodoList Load (0.3ms)[0m  [1m[34mSELECT "todo_lists".* FROM "todo_lists"[0m
  ↳ app/views/todo_lists/index.html.erb:15
  Rendered todo_lists/index.html.erb within layouts/application (6.2ms)
Completed 200 OK in 70ms (Views: 64.1ms | ActiveRecord: 0.3ms)


Started GET "/todo_lists/1" for ::1 at 2019-03-27 16:05:36 +0200
Processing by TodoListsController#show as HTML
  Parameters: {"id"=>"1"}
  [1m[36mTodoList Load (0.2ms)[0m  [1m[34mSELECT  "todo_lists".* FROM "todo_lists" WHERE "todo_lists"."id" = ? LIMIT ?[0m  [["id", 1], ["LIMIT", 1]]
  ↳ app/controllers/todo_lists_controller.rb:67
  Rendering todo_lists/show.html.erb within layouts/application
  [1m[36mTodoItem Load (0.2ms)[0m  [1m[34mSELECT "todo_items".* FROM "todo_items" WHERE "todo_items"."todo_list_id" = ?[0m  [["todo_list_id", 1]]
  ↳ app/views/todo_lists/show.html.erb:11
  Rendered collection of templates [0 times] (0.0ms)
  Rendered todo_items/_form.html.erb (4.4ms)
  Rendered todo_lists/show.html.erb within layouts/application (14.8ms)
Completed 200 OK in 98ms (Views: 91.1ms | ActiveRecord: 0.4ms)


Started POST "/todo_lists/1/todo_items" for ::1 at 2019-03-27 16:05:37 +0200
Processing by TodoItemsController#create as HTML
  Parameters: {"utf8"=>"✓", "authenticity_token"=>"UAcR80SmFV8z4TgqeUCWZC3+5nyf4DhtNM4yW0gKJFLcRwJkiMDgq90S6KsEkjUEryMNR7a6tdwjzaJcGWjXfg==", "todo_item"=>{"content"=>""}, "commit"=>"Create Todo item", "todo_list_id"=>"1"}
  [1m[36mTodoList Load (0.3ms)[0m  [1m[34mSELECT  "todo_lists".* FROM "todo_lists" WHERE "todo_lists"."id" = ? LIMIT ?[0m  [["id", 1], ["LIMIT", 1]]
  ↳ app/controllers/todo_items_controller.rb:12
  [1m[35m (0.1ms)[0m  [1m[36mbegin transaction[0m
  ↳ app/controllers/todo_items_controller.rb:5
  [1m[36mTodoItem Create (1.5ms)[0m  [1m[32mINSERT INTO "todo_items" ("content", "todo_list_id", "created_at", "updated_at") VALUES (?, ?, ?, ?)[0m  [["content", ""], ["todo_list_id", 1], ["created_at", "2019-03-27 14:05:37.050252"], ["updated_at", "2019-03-27 14:05:37.050252"]]
  ↳ app/controllers/todo_items_controller.rb:5
  [1m[35m (2.0ms)[0m  [1m[36mcommit transaction[0m
  ↳ app/controllers/todo_items_controller.rb:5
Redirected to http://localhost:3000/todo_lists/1
Completed 302 Found in 13ms (ActiveRecord: 3.9ms)


Started GET "/todo_lists/1" for ::1 at 2019-03-27 16:05:37 +0200
Processing by TodoListsController#show as HTML
  Parameters: {"id"=>"1"}
  [1m[36mTodoList Load (0.2ms)[0m  [1m[34mSELECT  "todo_lists".* FROM "todo_lists" WHERE "todo_lists"."id" = ? LIMIT ?[0m  [["id", 1], ["LIMIT", 1]]
  ↳ app/controllers/todo_lists_controller.rb:67
  Rendering todo_lists/show.html.erb within layouts/application
  [1m[36mTodoItem Load (0.4ms)[0m  [1m[34mSELECT "todo_items".* FROM "todo_items" WHERE "todo_items"."todo_list_id" = ?[0m  [["todo_list_id", 1]]
  ↳ app/views/todo_lists/show.html.erb:11
  Rendered collection of todo_items/_todo_item.html.erb [1 times] (0.5ms)
  Rendered todo_items/_form.html.erb (2.9ms)
  Rendered todo_lists/show.html.erb within layouts/application (16.1ms)
Completed 200 OK in 64ms (Views: 56.6ms | ActiveRecord: 0.6ms)


Started POST "/todo_lists/1/todo_items" for ::1 at 2019-03-27 16:05:38 +0200
Processing by TodoItemsController#create as HTML
  Parameters: {"utf8"=>"✓", "authenticity_token"=>"9XMmiebol5YmidVyq4Ug5lF29yoULuPpgB0lf/t2ZnqrRoYthaZC5SM/gnsugsoQUqPVFVyTcyzp6/uZaFxrNA==", "todo_item"=>{"content"=>""}, "commit"=>"Create Todo item", "todo_list_id"=>"1"}
  [1m[36mTodoList Load (0.2ms)[0m  [1m[34mSELECT  "todo_lists".* FROM "todo_lists" WHERE "todo_lists"."id" = ? LIMIT ?[0m  [["id", 1], ["LIMIT", 1]]
  ↳ app/controllers/todo_items_controller.rb:12
  [1m[35m (0.1ms)[0m  [1m[36mbegin transaction[0m
  ↳ app/controllers/todo_items_controller.rb:5
  [1m[36mTodoItem Create (0.8ms)[0m  [1m[32mINSERT INTO "todo_items" ("content", "todo_list_id", "created_at", "updated_at") VALUES (?, ?, ?, ?)[0m  [["content", ""], ["todo_list_id", 1], ["created_at", "2019-03-27 14:05:38.693524"], ["updated_at", "2019-03-27 14:05:38.693524"]]
  ↳ app/controllers/todo_items_controller.rb:5
  [1m[35m (3.0ms)[0m  [1m[36mcommit transaction[0m
  ↳ app/controllers/todo_items_controller.rb:5
Redirected to http://localhost:3000/todo_lists/1
Completed 302 Found in 13ms (ActiveRecord: 4.1ms)


Started GET "/todo_lists/1" for ::1 at 2019-03-27 16:05:38 +0200
Processing by TodoListsController#show as HTML
  Parameters: {"id"=>"1"}
  [1m[36mTodoList Load (0.3ms)[0m  [1m[34mSELECT  "todo_lists".* FROM "todo_lists" WHERE "todo_lists"."id" = ? LIMIT ?[0m  [["id", 1], ["LIMIT", 1]]
  ↳ app/controllers/todo_lists_controller.rb:67
  Rendering todo_lists/show.html.erb within layouts/application
  [1m[36mTodoItem Load (0.2ms)[0m  [1m[34mSELECT "todo_items".* FROM "todo_items" WHERE "todo_items"."todo_list_id" = ?[0m  [["todo_list_id", 1]]
  ↳ app/views/todo_lists/show.html.erb:11
  Rendered collection of todo_items/_todo_item.html.erb [2 times] (0.6ms)
  Rendered todo_items/_form.html.erb (4.6ms)
  Rendered todo_lists/show.html.erb within layouts/application (17.3ms)
Completed 200 OK in 74ms (Views: 67.5ms | ActiveRecord: 0.5ms)


Started POST "/todo_lists/1/todo_items" for ::1 at 2019-03-27 16:05:39 +0200
Processing by TodoItemsController#create as HTML
  Parameters: {"utf8"=>"✓", "authenticity_token"=>"sPdJM0MzMSPisiEBb7itXNzWkp8prncoJIo//bk2CZnuwumXIH3kUOcEdgjqv0eq3wOwoGET5+1NfOEbKhwE1w==", "todo_item"=>{"content"=>""}, "commit"=>"Create Todo item", "todo_list_id"=>"1"}
  [1m[36mTodoList Load (0.3ms)[0m  [1m[34mSELECT  "todo_lists".* FROM "todo_lists" WHERE "todo_lists"."id" = ? LIMIT ?[0m  [["id", 1], ["LIMIT", 1]]
  ↳ app/controllers/todo_items_controller.rb:12
  [1m[35m (0.1ms)[0m  [1m[36mbegin transaction[0m
  ↳ app/controllers/todo_items_controller.rb:5
  [1m[36mTodoItem Create (1.2ms)[0m  [1m[32mINSERT INTO "todo_items" ("content", "todo_list_id", "created_at", "updated_at") VALUES (?, ?, ?, ?)[0m  [["content", ""], ["todo_list_id", 1], ["created_at", "2019-03-27 14:05:39.526277"], ["updated_at", "2019-03-27 14:05:39.526277"]]
  ↳ app/controllers/todo_items_controller.rb:5
  [1m[35m (2.2ms)[0m  [1m[36mcommit transaction[0m
  ↳ app/controllers/todo_items_controller.rb:5
Redirected to http://localhost:3000/todo_lists/1
Completed 302 Found in 13ms (ActiveRecord: 3.7ms)


Started GET "/todo_lists/1" for ::1 at 2019-03-27 16:05:39 +0200
Processing by TodoListsController#show as HTML
  Parameters: {"id"=>"1"}
  [1m[36mTodoList Load (0.3ms)[0m  [1m[34mSELECT  "todo_lists".* FROM "todo_lists" WHERE "todo_lists"."id" = ? LIMIT ?[0m  [["id", 1], ["LIMIT", 1]]
  ↳ app/controllers/todo_lists_controller.rb:67
  Rendering todo_lists/show.html.erb within layouts/application
  [1m[36mTodoItem Load (0.2ms)[0m  [1m[34mSELECT "todo_items".* FROM "todo_items" WHERE "todo_items"."todo_list_id" = ?[0m  [["todo_list_id", 1]]
  ↳ app/views/todo_lists/show.html.erb:11
  Rendered collection of todo_items/_todo_item.html.erb [3 times] (0.5ms)
  Rendered todo_items/_form.html.erb (2.9ms)
  Rendered todo_lists/show.html.erb within layouts/application (13.8ms)
Completed 200 OK in 65ms (Views: 57.5ms | ActiveRecord: 0.5ms)


Started GET "/todo_lists/1" for ::1 at 2019-03-27 16:06:50 +0200
  [1m[35m (0.5ms)[0m  [1m[34mSELECT "schema_migrations"."version" FROM "schema_migrations" ORDER BY "schema_migrations"."version" ASC[0m
  ↳ /usr/local/lib/ruby/gems/2.5.0/gems/activerecord-5.2.2.1/lib/active_record/log_subscriber.rb:98
Processing by TodoListsController#show as HTML
  Parameters: {"id"=>"1"}
  [1m[36mTodoList Load (0.2ms)[0m  [1m[34mSELECT  "todo_lists".* FROM "todo_lists" WHERE "todo_lists"."id" = ? LIMIT ?[0m  [["id", 1], ["LIMIT", 1]]
  ↳ app/controllers/todo_lists_controller.rb:67
  Rendering todo_lists/show.html.erb within layouts/application
  [1m[36mTodoItem Load (1.2ms)[0m  [1m[34mSELECT "todo_items".* FROM "todo_items" WHERE "todo_items"."todo_list_id" = ?[0m  [["todo_list_id", 1]]
  ↳ app/views/todo_lists/show.html.erb:11
  Rendered collection of todo_items/_todo_item.html.erb [3 times] (2.8ms)
  Rendered todo_items/_form.html.erb (19.6ms)
  Rendered todo_lists/show.html.erb within layouts/application (68.3ms)
Completed 200 OK in 449ms (Views: 406.0ms | ActiveRecord: 7.6ms)


Started GET "/todo_lists/1?data%5Bconfirm%5D=Are+you+sure%3F&method=delete" for ::1 at 2019-03-27 16:07:08 +0200
Processing by TodoListsController#show as HTML
  Parameters: {"data"=>{"confirm"=>"Are you sure?"}, "method"=>"delete", "id"=>"1"}
  [1m[36mTodoList Load (0.2ms)[0m  [1m[34mSELECT  "todo_lists".* FROM "todo_lists" WHERE "todo_lists"."id" = ? LIMIT ?[0m  [["id", 1], ["LIMIT", 1]]
  ↳ app/controllers/todo_lists_controller.rb:67
  Rendering todo_lists/show.html.erb within layouts/application
  [1m[36mTodoItem Load (0.4ms)[0m  [1m[34mSELECT "todo_items".* FROM "todo_items" WHERE "todo_items"."todo_list_id" = ?[0m  [["todo_list_id", 1]]
  ↳ app/views/todo_lists/show.html.erb:11
  Rendered collection of todo_items/_todo_item.html.erb [3 times] (1.3ms)
  Rendered todo_items/_form.html.erb (1.9ms)
  Rendered todo_lists/show.html.erb within layouts/application (41.5ms)
Completed 200 OK in 77ms (Views: 71.0ms | ActiveRecord: 0.6ms)


Started GET "/todo_lists/1?data%5Bconfirm%5D=Are+you+sure%3F&method=delete" for ::1 at 2019-03-27 16:07:09 +0200
Processing by TodoListsController#show as HTML
  Parameters: {"data"=>{"confirm"=>"Are you sure?"}, "method"=>"delete", "id"=>"1"}
  [1m[36mTodoList Load (0.2ms)[0m  [1m[34mSELECT  "todo_lists".* FROM "todo_lists" WHERE "todo_lists"."id" = ? LIMIT ?[0m  [["id", 1], ["LIMIT", 1]]
  ↳ app/controllers/todo_lists_controller.rb:67
  Rendering todo_lists/show.html.erb within layouts/application
  [1m[36mTodoItem Load (0.2ms)[0m  [1m[34mSELECT "todo_items".* FROM "todo_items" WHERE "todo_items"."todo_list_id" = ?[0m  [["todo_list_id", 1]]
  ↳ app/views/todo_lists/show.html.erb:11
  Rendered collection of todo_items/_todo_item.html.erb [3 times] (6.6ms)
  Rendered todo_items/_form.html.erb (1.5ms)
  Rendered todo_lists/show.html.erb within layouts/application (19.6ms)
Completed 200 OK in 62ms (Views: 55.2ms | ActiveRecord: 0.4ms)


Started GET "/todo_lists/1?data%5Bconfirm%5D=Are+you+sure%3F&method=delete" for ::1 at 2019-03-27 16:07:10 +0200
Processing by TodoListsController#show as HTML
  Parameters: {"data"=>{"confirm"=>"Are you sure?"}, "method"=>"delete", "id"=>"1"}
  [1m[36mTodoList Load (0.3ms)[0m  [1m[34mSELECT  "todo_lists".* FROM "todo_lists" WHERE "todo_lists"."id" = ? LIMIT ?[0m  [["id", 1], ["LIMIT", 1]]
  ↳ app/controllers/todo_lists_controller.rb:67
  Rendering todo_lists/show.html.erb within layouts/application
  [1m[36mTodoItem Load (0.2ms)[0m  [1m[34mSELECT "todo_items".* FROM "todo_items" WHERE "todo_items"."todo_list_id" = ?[0m  [["todo_list_id", 1]]
  ↳ app/views/todo_lists/show.html.erb:11
  Rendered collection of todo_items/_todo_item.html.erb [3 times] (4.7ms)
  Rendered todo_items/_form.html.erb (2.7ms)
  Rendered todo_lists/show.html.erb within layouts/application (19.7ms)
Completed 200 OK in 72ms (Views: 65.3ms | ActiveRecord: 0.5ms)


Started GET "/todo_lists/1?data%5Bconfirm%5D=Are+you+sure%3F&method=delete" for ::1 at 2019-03-27 16:07:59 +0200
  [1m[35m (0.2ms)[0m  [1m[34mSELECT "schema_migrations"."version" FROM "schema_migrations" ORDER BY "schema_migrations"."version" ASC[0m
  ↳ /usr/local/lib/ruby/gems/2.5.0/gems/activerecord-5.2.2.1/lib/active_record/log_subscriber.rb:98
Processing by TodoListsController#show as HTML
  Parameters: {"data"=>{"confirm"=>"Are you sure?"}, "method"=>"delete", "id"=>"1"}
  [1m[36mTodoList Load (0.2ms)[0m  [1m[34mSELECT  "todo_lists".* FROM "todo_lists" WHERE "todo_lists"."id" = ? LIMIT ?[0m  [["id", 1], ["LIMIT", 1]]
  ↳ app/controllers/todo_lists_controller.rb:67
  Rendering todo_lists/show.html.erb within layouts/application
  [1m[36mTodoItem Load (0.2ms)[0m  [1m[34mSELECT "todo_items".* FROM "todo_items" WHERE "todo_items"."todo_list_id" = ?[0m  [["todo_list_id", 1]]
  ↳ app/views/todo_lists/show.html.erb:11
  Rendered collection of todo_items/_todo_item.html.erb [3 times] (2.7ms)
  Rendered todo_items/_form.html.erb (7.2ms)
  Rendered todo_lists/show.html.erb within layouts/application (48.7ms)
Completed 200 OK in 364ms (Views: 328.2ms | ActiveRecord: 2.0ms)


Started POST "/todo_lists/1/todo_items" for ::1 at 2019-03-27 16:08:02 +0200
Processing by TodoItemsController#create as HTML
  Parameters: {"utf8"=>"✓", "authenticity_token"=>"U7fugqa/6SUjMwrH59L8i50hDsJztD/dwj6sSjf+A4wNgk4mxfE8ViaFXc5i1RZ9nvQs/TsJrxiryHKspNQOwg==", "todo_item"=>{"content"=>""}, "commit"=>"Create Todo item", "todo_list_id"=>"1"}
  [1m[36mTodoList Load (0.3ms)[0m  [1m[34mSELECT  "todo_lists".* FROM "todo_lists" WHERE "todo_lists"."id" = ? LIMIT ?[0m  [["id", 1], ["LIMIT", 1]]
  ↳ app/controllers/todo_items_controller.rb:12
  [1m[35m (0.1ms)[0m  [1m[36mbegin transaction[0m
  ↳ app/controllers/todo_items_controller.rb:5
  [1m[36mTodoItem Create (0.7ms)[0m  [1m[32mINSERT INTO "todo_items" ("content", "todo_list_id", "created_at", "updated_at") VALUES (?, ?, ?, ?)[0m  [["content", ""], ["todo_list_id", 1], ["created_at", "2019-03-27 14:08:03.040510"], ["updated_at", "2019-03-27 14:08:03.040510"]]
  ↳ app/controllers/todo_items_controller.rb:5
  [1m[35m (1.3ms)[0m  [1m[36mcommit transaction[0m
  ↳ app/controllers/todo_items_controller.rb:5
Redirected to http://localhost:3000/todo_lists/1
Completed 302 Found in 9ms (ActiveRecord: 2.3ms)


Started GET "/todo_lists/1" for ::1 at 2019-03-27 16:08:03 +0200
Processing by TodoListsController#show as HTML
  Parameters: {"id"=>"1"}
  [1m[36mTodoList Load (0.5ms)[0m  [1m[34mSELECT  "todo_lists".* FROM "todo_lists" WHERE "todo_lists"."id" = ? LIMIT ?[0m  [["id", 1], ["LIMIT", 1]]
  ↳ app/controllers/todo_lists_controller.rb:67
  Rendering todo_lists/show.html.erb within layouts/application
  [1m[36mTodoItem Load (0.2ms)[0m  [1m[34mSELECT "todo_items".* FROM "todo_items" WHERE "todo_items"."todo_list_id" = ?[0m  [["todo_list_id", 1]]
  ↳ app/views/todo_lists/show.html.erb:11
  Rendered collection of todo_items/_todo_item.html.erb [4 times] (1.4ms)
  Rendered todo_items/_form.html.erb (5.6ms)
  Rendered todo_lists/show.html.erb within layouts/application (16.4ms)
Completed 200 OK in 60ms (Views: 54.6ms | ActiveRecord: 0.7ms)


Started GET "/todo_lists/1" for ::1 at 2019-03-27 16:08:34 +0200
  [1m[35m (0.3ms)[0m  [1m[34mSELECT "schema_migrations"."version" FROM "schema_migrations" ORDER BY "schema_migrations"."version" ASC[0m
  ↳ /usr/local/lib/ruby/gems/2.5.0/gems/activerecord-5.2.2.1/lib/active_record/log_subscriber.rb:98
Processing by TodoListsController#show as HTML
  Parameters: {"id"=>"1"}
  [1m[36mTodoList Load (0.7ms)[0m  [1m[34mSELECT  "todo_lists".* FROM "todo_lists" WHERE "todo_lists"."id" = ? LIMIT ?[0m  [["id", 1], ["LIMIT", 1]]
  ↳ app/controllers/todo_lists_controller.rb:67
  Rendering todo_lists/show.html.erb within layouts/application
  [1m[36mTodoItem Load (0.3ms)[0m  [1m[34mSELECT "todo_items".* FROM "todo_items" WHERE "todo_items"."todo_list_id" = ?[0m  [["todo_list_id", 1]]
  ↳ app/views/todo_lists/show.html.erb:11
  Rendered collection of todo_items/_todo_item.html.erb [4 times] (1.6ms)
  Rendered todo_items/_form.html.erb (12.5ms)
  Rendered todo_lists/show.html.erb within layouts/application (66.0ms)
Completed 200 OK in 445ms (Views: 395.9ms | ActiveRecord: 3.1ms)


Started DELETE "/todo_lists/1/todo_items/4" for ::1 at 2019-03-27 16:08:56 +0200
  
AbstractController::ActionNotFound (The action 'destroy' could not be found for TodoItemsController):
  
actionpack (5.2.2.1) lib/abstract_controller/base.rb:129:in `process'
actionview (5.2.2.1) lib/action_view/rendering.rb:32:in `process'
actionpack (5.2.2.1) lib/action_controller/metal.rb:191:in `dispatch'
actionpack (5.2.2.1) lib/action_controller/metal.rb:252:in `dispatch'
actionpack (5.2.2.1) lib/action_dispatch/routing/route_set.rb:52:in `dispatch'
actionpack (5.2.2.1) lib/action_dispatch/routing/route_set.rb:34:in `serve'
actionpack (5.2.2.1) lib/action_dispatch/journey/router.rb:52:in `block in serve'
actionpack (5.2.2.1) lib/action_dispatch/journey/router.rb:35:in `each'
actionpack (5.2.2.1) lib/action_dispatch/journey/router.rb:35:in `serve'
actionpack (5.2.2.1) lib/action_dispatch/routing/route_set.rb:840:in `call'
rack (2.0.6) lib/rack/tempfile_reaper.rb:15:in `call'
rack (2.0.6) lib/rack/etag.rb:25:in `call'
rack (2.0.6) lib/rack/conditional_get.rb:38:in `call'
rack (2.0.6) lib/rack/head.rb:12:in `call'
actionpack (5.2.2.1) lib/action_dispatch/http/content_security_policy.rb:18:in `call'
rack (2.0.6) lib/rack/session/abstract/id.rb:232:in `context'
rack (2.0.6) lib/rack/session/abstract/id.rb:226:in `call'
actionpack (5.2.2.1) lib/action_dispatch/middleware/cookies.rb:670:in `call'
activerecord (5.2.2.1) lib/active_record/migration.rb:559:in `call'
actionpack (5.2.2.1) lib/action_dispatch/middleware/callbacks.rb:28:in `block in call'
activesupport (5.2.2.1) lib/active_support/callbacks.rb:98:in `run_callbacks'
actionpack (5.2.2.1) lib/action_dispatch/middleware/callbacks.rb:26:in `call'
actionpack (5.2.2.1) lib/action_dispatch/middleware/executor.rb:14:in `call'
actionpack (5.2.2.1) lib/action_dispatch/middleware/debug_exceptions.rb:61:in `call'
web-console (3.7.0) lib/web_console/middleware.rb:135:in `call_app'
web-console (3.7.0) lib/web_console/middleware.rb:30:in `block in call'
web-console (3.7.0) lib/web_console/middleware.rb:20:in `catch'
web-console (3.7.0) lib/web_console/middleware.rb:20:in `call'
actionpack (5.2.2.1) lib/action_dispatch/middleware/show_exceptions.rb:33:in `call'
railties (5.2.2.1) lib/rails/rack/logger.rb:38:in `call_app'
railties (5.2.2.1) lib/rails/rack/logger.rb:26:in `block in call'
activesupport (5.2.2.1) lib/active_support/tagged_logging.rb:71:in `block in tagged'
activesupport (5.2.2.1) lib/active_support/tagged_logging.rb:28:in `tagged'
activesupport (5.2.2.1) lib/active_support/tagged_logging.rb:71:in `tagged'
railties (5.2.2.1) lib/rails/rack/logger.rb:26:in `call'
sprockets-rails (3.2.1) lib/sprockets/rails/quiet_assets.rb:13:in `call'
actionpack (5.2.2.1) lib/action_dispatch/middleware/remote_ip.rb:81:in `call'
actionpack (5.2.2.1) lib/action_dispatch/middleware/request_id.rb:27:in `call'
rack (2.0.6) lib/rack/method_override.rb:22:in `call'
rack (2.0.6) lib/rack/runtime.rb:22:in `call'
activesupport (5.2.2.1) lib/active_support/cache/strategy/local_cache_middleware.rb:29:in `call'
actionpack (5.2.2.1) lib/action_dispatch/middleware/executor.rb:14:in `call'
actionpack (5.2.2.1) lib/action_dispatch/middleware/static.rb:127:in `call'
rack (2.0.6) lib/rack/sendfile.rb:111:in `call'
railties (5.2.2.1) lib/rails/engine.rb:524:in `call'
puma (3.12.1) lib/puma/configuration.rb:227:in `call'
puma (3.12.1) lib/puma/server.rb:660:in `handle_request'
puma (3.12.1) lib/puma/server.rb:474:in `process_client'
puma (3.12.1) lib/puma/server.rb:334:in `block in run'
puma (3.12.1) lib/puma/thread_pool.rb:135:in `block in spawn_thread'
Started DELETE "/todo_lists/1/todo_items/4" for ::1 at 2019-03-27 16:10:21 +0200
  [1m[35m (0.2ms)[0m  [1m[34mSELECT "schema_migrations"."version" FROM "schema_migrations" ORDER BY "schema_migrations"."version" ASC[0m
  ↳ /usr/local/lib/ruby/gems/2.5.0/gems/activerecord-5.2.2.1/lib/active_record/log_subscriber.rb:98
Processing by TodoItemsController#destroy as HTML
  Parameters: {"authenticity_token"=>"vytudwXstZQxmnsf9lFI4r41EYVPyd2PHyEPtx6X2ODhHs7TZqJg5zQsLBZzVqIUveAzugd0TUp219FRjb3Vrg==", "todo_list_id"=>"1", "id"=>"4"}
  [1m[36mTodoList Load (0.2ms)[0m  [1m[34mSELECT  "todo_lists".* FROM "todo_lists" WHERE "todo_lists"."id" = ? LIMIT ?[0m  [["id", 1], ["LIMIT", 1]]
  ↳ app/controllers/todo_items_controller.rb:22
  [1m[36mTodoItem Load (0.1ms)[0m  [1m[34mSELECT  "todo_items".* FROM "todo_items" WHERE "todo_items"."todo_list_id" = ? AND "todo_items"."id" = ? LIMIT ?[0m  [["todo_list_id", 1], ["id", 4], ["LIMIT", 1]]
  ↳ app/controllers/todo_items_controller.rb:10
  [1m[35m (0.1ms)[0m  [1m[36mbegin transaction[0m
  ↳ app/controllers/todo_items_controller.rb:11
  [1m[36mTodoItem Destroy (1.0ms)[0m  [1m[31mDELETE FROM "todo_items" WHERE "todo_items"."id" = ?[0m  [["id", 4]]
  ↳ app/controllers/todo_items_controller.rb:11
  [1m[35m (1.0ms)[0m  [1m[36mcommit transaction[0m
  ↳ app/controllers/todo_items_controller.rb:11
Redirected to http://localhost:3000/todo_lists/1
Completed 302 Found in 56ms (ActiveRecord: 5.3ms)


Started GET "/todo_lists/1" for ::1 at 2019-03-27 16:10:21 +0200
Processing by TodoListsController#show as HTML
  Parameters: {"id"=>"1"}
  [1m[36mTodoList Load (0.2ms)[0m  [1m[34mSELECT  "todo_lists".* FROM "todo_lists" WHERE "todo_lists"."id" = ? LIMIT ?[0m  [["id", 1], ["LIMIT", 1]]
  ↳ app/controllers/todo_lists_controller.rb:67
  Rendering todo_lists/show.html.erb within layouts/application
  [1m[36mTodoItem Load (1.3ms)[0m  [1m[34mSELECT "todo_items".* FROM "todo_items" WHERE "todo_items"."todo_list_id" = ?[0m  [["todo_list_id", 1]]
  ↳ app/views/todo_lists/show.html.erb:11
  Rendered collection of todo_items/_todo_item.html.erb [3 times] (0.9ms)
  Rendered todo_items/_form.html.erb (9.6ms)
  Rendered todo_lists/show.html.erb within layouts/application (21.1ms)
Completed 200 OK in 337ms (Views: 329.5ms | ActiveRecord: 1.5ms)


Started POST "/todo_lists/1/todo_items" for ::1 at 2019-03-27 16:10:27 +0200
Processing by TodoItemsController#create as HTML
  Parameters: {"utf8"=>"✓", "authenticity_token"=>"0lUjAe1zgZYEdW7bBB0XWBWk5eRLjFMLZK7RLT3KT5SMYIOljj1U5QHDOdKBGv2uFnHH2wMxw84NWA/LruBC2g==", "todo_item"=>{"content"=>""}, "commit"=>"Create Todo item", "todo_list_id"=>"1"}
  [1m[36mTodoList Load (0.2ms)[0m  [1m[34mSELECT  "todo_lists".* FROM "todo_lists" WHERE "todo_lists"."id" = ? LIMIT ?[0m  [["id", 1], ["LIMIT", 1]]
  ↳ app/controllers/todo_items_controller.rb:22
  [1m[35m (0.1ms)[0m  [1m[36mbegin transaction[0m
  ↳ app/controllers/todo_items_controller.rb:5
  [1m[36mTodoItem Create (0.6ms)[0m  [1m[32mINSERT INTO "todo_items" ("content", "todo_list_id", "created_at", "updated_at") VALUES (?, ?, ?, ?)[0m  [["content", ""], ["todo_list_id", 1], ["created_at", "2019-03-27 14:10:27.595720"], ["updated_at", "2019-03-27 14:10:27.595720"]]
  ↳ app/controllers/todo_items_controller.rb:5
  [1m[35m (4.3ms)[0m  [1m[36mcommit transaction[0m
  ↳ app/controllers/todo_items_controller.rb:5
Redirected to http://localhost:3000/todo_lists/1
Completed 302 Found in 13ms (ActiveRecord: 5.1ms)


Started GET "/todo_lists/1" for ::1 at 2019-03-27 16:10:27 +0200
Processing by TodoListsController#show as HTML
  Parameters: {"id"=>"1"}
  [1m[36mTodoList Load (0.2ms)[0m  [1m[34mSELECT  "todo_lists".* FROM "todo_lists" WHERE "todo_lists"."id" = ? LIMIT ?[0m  [["id", 1], ["LIMIT", 1]]
  ↳ app/controllers/todo_lists_controller.rb:67
  Rendering todo_lists/show.html.erb within layouts/application
  [1m[36mTodoItem Load (0.2ms)[0m  [1m[34mSELECT "todo_items".* FROM "todo_items" WHERE "todo_items"."todo_list_id" = ?[0m  [["todo_list_id", 1]]
  ↳ app/views/todo_lists/show.html.erb:11
  Rendered collection of todo_items/_todo_item.html.erb [4 times] (1.9ms)
  Rendered todo_items/_form.html.erb (1.6ms)
  Rendered todo_lists/show.html.erb within layouts/application (17.3ms)
Completed 200 OK in 57ms (Views: 49.4ms | ActiveRecord: 0.4ms)


Started GET "/todo_lists/1/edit" for ::1 at 2019-03-27 16:10:29 +0200
Processing by TodoListsController#edit as HTML
  Parameters: {"id"=>"1"}
  [1m[36mTodoList Load (0.1ms)[0m  [1m[34mSELECT  "todo_lists".* FROM "todo_lists" WHERE "todo_lists"."id" = ? LIMIT ?[0m  [["id", 1], ["LIMIT", 1]]
  ↳ app/controllers/todo_lists_controller.rb:67
  Rendering todo_lists/edit.html.erb within layouts/application
  Rendered todo_lists/_form.html.erb (8.3ms)
  Rendered todo_lists/edit.html.erb within layouts/application (16.7ms)
Completed 200 OK in 59ms (Views: 55.4ms | ActiveRecord: 0.1ms)


Started GET "/todo_lists" for ::1 at 2019-03-27 16:10:31 +0200
Processing by TodoListsController#index as HTML
  Rendering todo_lists/index.html.erb within layouts/application
  [1m[36mTodoList Load (0.3ms)[0m  [1m[34mSELECT "todo_lists".* FROM "todo_lists"[0m
  ↳ app/views/todo_lists/index.html.erb:15
  Rendered todo_lists/index.html.erb within layouts/application (2.9ms)
Completed 200 OK in 38ms (Views: 31.9ms | ActiveRecord: 0.3ms)


Started GET "/todo_lists/1" for ::1 at 2019-03-27 16:10:36 +0200
Processing by TodoListsController#show as HTML
  Parameters: {"id"=>"1"}
  [1m[36mTodoList Load (0.2ms)[0m  [1m[34mSELECT  "todo_lists".* FROM "todo_lists" WHERE "todo_lists"."id" = ? LIMIT ?[0m  [["id", 1], ["LIMIT", 1]]
  ↳ app/controllers/todo_lists_controller.rb:67
  Rendering todo_lists/show.html.erb within layouts/application
  [1m[36mTodoItem Load (0.3ms)[0m  [1m[34mSELECT "todo_items".* FROM "todo_items" WHERE "todo_items"."todo_list_id" = ?[0m  [["todo_list_id", 1]]
  ↳ app/views/todo_lists/show.html.erb:11
  Rendered collection of todo_items/_todo_item.html.erb [4 times] (1.3ms)
  Rendered todo_items/_form.html.erb (5.7ms)
  Rendered todo_lists/show.html.erb within layouts/application (19.2ms)
Completed 200 OK in 82ms (Views: 73.6ms | ActiveRecord: 0.5ms)


Started GET "/todo_lists" for ::1 at 2019-03-27 16:10:40 +0200
Processing by TodoListsController#index as HTML
  Rendering todo_lists/index.html.erb within layouts/application
  [1m[36mTodoList Load (0.6ms)[0m  [1m[34mSELECT "todo_lists".* FROM "todo_lists"[0m
  ↳ app/views/todo_lists/index.html.erb:15
  Rendered todo_lists/index.html.erb within layouts/application (4.7ms)
Completed 200 OK in 59ms (Views: 53.0ms | ActiveRecord: 0.6ms)


Started GET "/todo_lists/1" for ::1 at 2019-03-27 16:10:43 +0200
Processing by TodoListsController#show as HTML
  Parameters: {"id"=>"1"}
  [1m[36mTodoList Load (0.2ms)[0m  [1m[34mSELECT  "todo_lists".* FROM "todo_lists" WHERE "todo_lists"."id" = ? LIMIT ?[0m  [["id", 1], ["LIMIT", 1]]
  ↳ app/controllers/todo_lists_controller.rb:67
  Rendering todo_lists/show.html.erb within layouts/application
  [1m[36mTodoItem Load (0.5ms)[0m  [1m[34mSELECT "todo_items".* FROM "todo_items" WHERE "todo_items"."todo_list_id" = ?[0m  [["todo_list_id", 1]]
  ↳ app/views/todo_lists/show.html.erb:11
  Rendered collection of todo_items/_todo_item.html.erb [4 times] (2.6ms)
  Rendered todo_items/_form.html.erb (4.8ms)
  Rendered todo_lists/show.html.erb within layouts/application (26.8ms)
Completed 200 OK in 82ms (Views: 74.8ms | ActiveRecord: 0.8ms)


Started GET "/todo_lists" for ::1 at 2019-03-27 16:10:44 +0200
Processing by TodoListsController#index as HTML
  Rendering todo_lists/index.html.erb within layouts/application
  [1m[36mTodoList Load (0.3ms)[0m  [1m[34mSELECT "todo_lists".* FROM "todo_lists"[0m
  ↳ app/views/todo_lists/index.html.erb:15
  Rendered todo_lists/index.html.erb within layouts/application (3.6ms)
Completed 200 OK in 50ms (Views: 44.9ms | ActiveRecord: 0.3ms)


Started GET "/todo_lists/1" for ::1 at 2019-03-27 16:11:11 +0200
Processing by TodoListsController#show as HTML
  Parameters: {"id"=>"1"}
  [1m[36mTodoList Load (0.2ms)[0m  [1m[34mSELECT  "todo_lists".* FROM "todo_lists" WHERE "todo_lists"."id" = ? LIMIT ?[0m  [["id", 1], ["LIMIT", 1]]
  ↳ app/controllers/todo_lists_controller.rb:67
  Rendering todo_lists/show.html.erb within layouts/application
  [1m[36mTodoItem Load (0.2ms)[0m  [1m[34mSELECT "todo_items".* FROM "todo_items" WHERE "todo_items"."todo_list_id" = ?[0m  [["todo_list_id", 1]]
  ↳ app/views/todo_lists/show.html.erb:11
  Rendered collection of todo_items/_todo_item.html.erb [4 times] (2.2ms)
  Rendered todo_items/_form.html.erb (2.6ms)
  Rendered todo_lists/show.html.erb within layouts/application (19.2ms)
Completed 200 OK in 67ms (Views: 60.2ms | ActiveRecord: 0.5ms)


Started GET "/todo_lists/1" for ::1 at 2019-03-27 16:12:29 +0200
  [1m[35m (0.2ms)[0m  [1m[34mSELECT "schema_migrations"."version" FROM "schema_migrations" ORDER BY "schema_migrations"."version" ASC[0m
  ↳ /usr/local/lib/ruby/gems/2.5.0/gems/activerecord-5.2.2.1/lib/active_record/log_subscriber.rb:98
Processing by TodoListsController#show as HTML
  Parameters: {"id"=>"1"}
  [1m[36mTodoList Load (0.4ms)[0m  [1m[34mSELECT  "todo_lists".* FROM "todo_lists" WHERE "todo_lists"."id" = ? LIMIT ?[0m  [["id", 1], ["LIMIT", 1]]
  ↳ app/controllers/todo_lists_controller.rb:67
  Rendering todo_lists/show.html.erb within layouts/application
  [1m[36mTodoItem Load (0.3ms)[0m  [1m[34mSELECT "todo_items".* FROM "todo_items" WHERE "todo_items"."todo_list_id" = ?[0m  [["todo_list_id", 1]]
  ↳ app/views/todo_lists/show.html.erb:11
  Rendered collection of todo_items/_todo_item.html.erb [4 times] (1.8ms)
  Rendered todo_items/_form.html.erb (13.2ms)
  Rendered todo_lists/show.html.erb within layouts/application (56.8ms)
Completed 200 OK in 488ms (Views: 393.0ms | ActiveRecord: 2.9ms)


Started GET "/todo_lists" for ::1 at 2019-03-27 16:12:34 +0200
Processing by TodoListsController#index as HTML
  Rendering todo_lists/index.html.erb within layouts/application
  [1m[36mTodoList Load (0.3ms)[0m  [1m[34mSELECT "todo_lists".* FROM "todo_lists"[0m
  ↳ app/views/todo_lists/index.html.erb:15
  Rendered todo_lists/index.html.erb within layouts/application (3.8ms)
Completed 200 OK in 53ms (Views: 43.6ms | ActiveRecord: 0.3ms)


Started GET "/todo_lists/1" for ::1 at 2019-03-27 16:12:36 +0200
Processing by TodoListsController#show as HTML
  Parameters: {"id"=>"1"}
  [1m[36mTodoList Load (0.3ms)[0m  [1m[34mSELECT  "todo_lists".* FROM "todo_lists" WHERE "todo_lists"."id" = ? LIMIT ?[0m  [["id", 1], ["LIMIT", 1]]
  ↳ app/controllers/todo_lists_controller.rb:67
  Rendering todo_lists/show.html.erb within layouts/application
  [1m[36mTodoItem Load (0.1ms)[0m  [1m[34mSELECT "todo_items".* FROM "todo_items" WHERE "todo_items"."todo_list_id" = ?[0m  [["todo_list_id", 1]]
  ↳ app/views/todo_lists/show.html.erb:11
  Rendered collection of todo_items/_todo_item.html.erb [4 times] (1.8ms)
  Rendered todo_items/_form.html.erb (4.5ms)
  Rendered todo_lists/show.html.erb within layouts/application (18.6ms)
Completed 200 OK in 71ms (Views: 64.4ms | ActiveRecord: 0.5ms)


